TN:
SF:C:/HeadStart/OC-Marketplace.RyanLauer/src/UI/seller/src/polyfills.ts
FN:70,(anonymous_0)
FN:71,(anonymous_1)
FN:79,remove
FNF:3
FNH:2
FNDA:1,(anonymous_0)
FNDA:3,(anonymous_1)
FNDA:0,remove
DA:51,1
DA:70,1
DA:71,1
DA:72,3
DA:73,3
DA:75,0
DA:80,0
DA:81,0
LF:8
LH:5
BRDA:72,0,0,3
BRDA:72,0,1,0
BRDA:80,1,0,0
BRDA:80,1,1,0
BRF:4
BRH:1
end_of_record
TN:
SF:C:/HeadStart/OC-Marketplace.RyanLauer/src/UI/seller/src/test.ts
FNF:0
FNH:0
DA:13,1
DA:18,1
DA:20,1
LF:3
LH:3
BRF:0
BRH:0
end_of_record
TN:
SF:C:/HeadStart/OC-Marketplace.RyanLauer/src/UI/seller/src/app/auth/auth-routing.module.ts
FNF:0
FNH:0
DA:10,1
DA:20,1
LF:2
LH:2
BRF:0
BRH:0
end_of_record
TN:
SF:C:/HeadStart/OC-Marketplace.RyanLauer/src/UI/seller/src/app/auth/auth.module.ts
FNF:0
FNH:0
DA:21,1
LF:1
LH:1
BRF:0
BRH:0
end_of_record
TN:
SF:C:/HeadStart/OC-Marketplace.RyanLauer/src/UI/seller/src/app/auth/containers/forgot-password/forgot-password.component.ts
FN:21,(anonymous_0)
FN:29,(anonymous_1)
FN:33,(anonymous_2)
FN:41,(anonymous_3)
FN:45,(anonymous_4)
FNF:5
FNH:0
FNDA:0,(anonymous_0)
FNDA:0,(anonymous_1)
FNDA:0,(anonymous_2)
FNDA:0,(anonymous_3)
FNDA:0,(anonymous_4)
DA:18,1
DA:22,0
DA:23,0
DA:24,0
DA:25,0
DA:26,0
DA:30,0
DA:34,0
DA:42,0
DA:43,0
DA:46,0
LF:11
LH:1
BRF:0
BRH:0
end_of_record
TN:
SF:C:/HeadStart/OC-Marketplace.RyanLauer/src/UI/seller/src/app/auth/containers/login/login.component.ts
FN:18,(anonymous_0)
FN:26,(anonymous_1)
FN:34,(anonymous_2)
FNF:3
FNH:0
FNDA:0,(anonymous_0)
FNDA:0,(anonymous_1)
FNDA:0,(anonymous_2)
DA:14,1
DA:19,0
DA:20,0
DA:21,0
DA:22,0
DA:23,0
DA:27,0
DA:35,0
DA:36,0
DA:42,0
DA:44,0
LF:11
LH:1
BRF:0
BRH:0
end_of_record
TN:
SF:C:/HeadStart/OC-Marketplace.RyanLauer/src/UI/seller/src/app/auth/containers/reset-password/reset-password.component.ts
FN:26,(anonymous_0)
FN:83,(anonymous_1)
FN:35,(anonymous_2)
FN:42,(anonymous_3)
FN:49,(anonymous_4)
FN:60,(anonymous_5)
FN:64,(anonymous_6)
FNF:7
FNH:0
FNDA:0,(anonymous_0)
FNDA:0,(anonymous_1)
FNDA:0,(anonymous_2)
FNDA:0,(anonymous_3)
FNDA:0,(anonymous_4)
FNDA:0,(anonymous_5)
FNDA:0,(anonymous_6)
DA:21,1
DA:27,0
DA:28,0
DA:29,0
DA:30,0
DA:31,0
DA:32,0
DA:36,0
DA:43,0
DA:44,0
DA:50,0
DA:51,0
DA:54,0
DA:58,0
DA:59,0
DA:61,0
DA:62,0
DA:65,0
DA:83,0
DA:84,0
LF:20
LH:1
BRDA:50,0,0,0
BRDA:50,0,1,0
BRF:2
BRH:0
end_of_record
TN:
SF:C:/HeadStart/OC-Marketplace.RyanLauer/src/UI/seller/src/app/auth/interceptors/auto-append-token/auto-append-token.interceptor.ts
FN:15,(anonymous_0)
FN:16,(anonymous_1)
FNF:2
FNH:0
FNDA:0,(anonymous_0)
FNDA:0,(anonymous_1)
DA:14,1
DA:15,0
DA:17,0
DA:18,0
DA:24,0
LF:5
LH:1
BRDA:17,0,0,0
BRDA:17,0,1,0
BRF:2
BRH:0
end_of_record
TN:
SF:C:/HeadStart/OC-Marketplace.RyanLauer/src/UI/seller/src/app/auth/interceptors/cache/cache-interceptor.ts
FN:23,(anonymous_0)
FN:24,(anonymous_1)
FNF:2
FNH:0
FNDA:0,(anonymous_0)
FNDA:0,(anonymous_1)
DA:22,1
DA:28,0
DA:29,0
DA:30,0
DA:38,0
LF:5
LH:1
BRDA:29,0,0,0
BRDA:29,0,1,0
BRDA:29,1,0,0
BRDA:29,1,1,0
BRF:4
BRH:0
end_of_record
TN:
SF:C:/HeadStart/OC-Marketplace.RyanLauer/src/UI/seller/src/app/auth/interceptors/refresh-token/refresh-token.interceptor.ts
FN:21,(anonymous_0)
FN:22,(anonymous_1)
FN:27,(anonymous_2)
FN:42,(anonymous_3)
FN:43,(anonymous_4)
FN:53,(anonymous_5)
FN:66,(anonymous_6)
FNF:7
FNH:0
FNDA:0,(anonymous_0)
FNDA:0,(anonymous_1)
FNDA:0,(anonymous_2)
FNDA:0,(anonymous_3)
FNDA:0,(anonymous_4)
FNDA:0,(anonymous_5)
FNDA:0,(anonymous_6)
DA:20,1
DA:21,0
DA:26,0
DA:29,0
DA:30,0
DA:33,0
DA:34,0
DA:39,0
DA:40,0
DA:41,0
DA:42,0
DA:44,0
DA:47,0
DA:52,0
DA:54,0
DA:57,0
DA:67,0
LF:17
LH:1
BRDA:29,0,0,0
BRDA:29,0,1,0
BRDA:33,1,0,0
BRDA:33,1,1,0
BRDA:40,2,0,0
BRDA:40,2,1,0
BRDA:40,3,0,0
BRDA:40,3,1,0
BRDA:68,4,0,0
BRDA:68,4,1,0
BRDA:68,4,2,0
BRF:11
BRH:0
end_of_record
TN:
SF:C:/HeadStart/OC-Marketplace.RyanLauer/src/UI/seller/src/app/auth/services/app-auth.service.ts
FN:28,(anonymous_0)
FN:39,(anonymous_1)
FN:42,(anonymous_2)
FN:47,(anonymous_3)
FN:51,(anonymous_4)
FN:56,(anonymous_5)
FN:62,(anonymous_6)
FN:76,(anonymous_7)
FN:81,(anonymous_8)
FN:87,(anonymous_9)
FN:92,(anonymous_10)
FN:97,(anonymous_11)
FN:105,(anonymous_12)
FN:109,(anonymous_13)
FN:110,(anonymous_14)
FN:111,(anonymous_15)
FN:119,(anonymous_16)
FN:123,(anonymous_17)
FN:132,(anonymous_18)
FN:136,(anonymous_19)
FNF:20
FNH:0
FNDA:0,(anonymous_0)
FNDA:0,(anonymous_1)
FNDA:0,(anonymous_2)
FNDA:0,(anonymous_3)
FNDA:0,(anonymous_4)
FNDA:0,(anonymous_5)
FNDA:0,(anonymous_6)
FNDA:0,(anonymous_7)
FNDA:0,(anonymous_8)
FNDA:0,(anonymous_9)
FNDA:0,(anonymous_10)
FNDA:0,(anonymous_11)
FNDA:0,(anonymous_12)
FNDA:0,(anonymous_13)
FNDA:0,(anonymous_14)
FNDA:0,(anonymous_15)
FNDA:0,(anonymous_16)
FNDA:0,(anonymous_17)
FNDA:0,(anonymous_18)
FNDA:0,(anonymous_19)
DA:18,1
DA:22,1
DA:23,0
DA:24,0
DA:25,0
DA:29,0
DA:30,0
DA:31,0
DA:32,0
DA:33,0
DA:34,0
DA:36,0
DA:40,0
DA:41,0
DA:43,0
DA:44,0
DA:45,0
DA:50,0
DA:51,0
DA:52,0
DA:54,0
DA:57,0
DA:63,0
DA:65,0
DA:66,0
DA:68,0
DA:70,0
DA:71,0
DA:73,0
DA:77,0
DA:78,0
DA:82,0
DA:83,0
DA:84,0
DA:88,0
DA:89,0
DA:93,0
DA:94,0
DA:98,0
DA:99,0
DA:100,0
DA:102,0
DA:106,0
DA:107,0
DA:108,0
DA:109,0
DA:110,0
DA:112,0
DA:116,0
DA:120,0
DA:121,0
DA:122,0
DA:123,0
DA:124,0
DA:125,0
DA:128,0
DA:129,0
DA:133,0
DA:137,0
DA:138,0
LF:60
LH:2
BRDA:70,0,0,0
BRDA:70,0,1,0
BRDA:83,1,0,0
BRDA:83,1,1,0
BRDA:99,2,0,0
BRDA:99,2,1,0
BRDA:107,3,0,0
BRDA:107,3,1,0
BRDA:124,4,0,0
BRDA:124,4,1,0
BRDA:138,5,0,0
BRDA:138,5,1,0
BRF:12
BRH:0
end_of_record
TN:
SF:C:/HeadStart/OC-Marketplace.RyanLauer/src/UI/seller/src/app/buyers/components/approvals/buyer-approval.service.ts
FN:14,(anonymous_0)
FNF:1
FNH:0
FNDA:0,(anonymous_0)
DA:13,1
DA:15,0
LF:2
LH:1
BRF:0
BRH:0
end_of_record
TN:
SF:C:/HeadStart/OC-Marketplace.RyanLauer/src/UI/seller/src/app/buyers/components/approvals/buyer-approval-table/buyer-approval-table.component.ts
FN:14,(anonymous_0)
FNF:1
FNH:0
FNDA:0,(anonymous_0)
DA:13,1
DA:15,0
DA:19,0
DA:22,0
LF:4
LH:1
BRF:0
BRH:0
end_of_record
TN:
SF:C:/HeadStart/OC-Marketplace.RyanLauer/src/UI/seller/src/app/buyers/components/buyers/buyer.service.ts
FN:35,(anonymous_0)
FN:43,(anonymous_1)
FNF:2
FNH:0
FNDA:0,(anonymous_0)
FNDA:0,(anonymous_1)
DA:9,1
DA:22,1
DA:23,0
DA:39,0
DA:41,0
DA:44,0
DA:45,0
LF:7
LH:2
BRF:0
BRH:0
end_of_record
TN:
SF:C:/HeadStart/OC-Marketplace.RyanLauer/src/UI/seller/src/app/buyers/components/buyers/buyer-edit/buyer-edit.component.ts
FN:36,(anonymous_0)
FN:26,(anonymous_1)
FN:43,(anonymous_2)
FN:53,(anonymous_3)
FN:64,(anonymous_4)
FN:69,(anonymous_6)
FN:77,(anonymous_7)
FN:81,(anonymous_8)
FN:85,(anonymous_9)
FN:93,(anonymous_11)
FN:105,(anonymous_13)
FN:120,(anonymous_15)
FNF:12
FNH:0
FNDA:0,(anonymous_0)
FNDA:0,(anonymous_1)
FNDA:0,(anonymous_2)
FNDA:0,(anonymous_3)
FNDA:0,(anonymous_4)
FNDA:0,(anonymous_6)
FNDA:0,(anonymous_7)
FNDA:0,(anonymous_8)
FNDA:0,(anonymous_9)
FNDA:0,(anonymous_11)
FNDA:0,(anonymous_13)
FNDA:0,(anonymous_15)
DA:14,1
DA:16,0
DA:17,0
DA:18,0
DA:24,1
DA:26,1
DA:27,0
DA:28,0
DA:30,0
DA:34,1
DA:37,0
DA:38,0
DA:39,0
DA:40,0
DA:44,0
DA:45,0
DA:46,0
DA:50,0
DA:54,0
DA:55,0
DA:56,0
DA:65,0
DA:66,0
DA:70,0
DA:71,0
DA:72,0
DA:73,0
DA:74,0
DA:78,0
DA:82,0
DA:86,0
DA:87,0
DA:89,0
DA:94,0
DA:95,0
DA:96,0
DA:97,0
DA:98,0
DA:100,0
DA:101,0
DA:106,0
DA:107,0
DA:108,0
DA:112,0
DA:113,0
DA:115,0
DA:116,0
DA:121,0
LF:48
LH:4
BRDA:27,0,0,0
BRDA:27,0,1,0
BRDA:44,1,0,0
BRDA:44,1,1,0
BRDA:86,2,0,0
BRDA:86,2,1,0
BRF:6
BRH:0
end_of_record
TN:
SF:C:/HeadStart/OC-Marketplace.RyanLauer/src/UI/seller/src/app/buyers/components/buyers/buyer-table/buyer-table.component.ts
FN:17,(anonymous_0)
FNF:1
FNH:0
FNDA:0,(anonymous_0)
DA:14,1
DA:15,0
DA:18,0
DA:24,0
LF:4
LH:1
BRF:0
BRH:0
end_of_record
TN:
SF:C:/HeadStart/OC-Marketplace.RyanLauer/src/UI/seller/src/app/buyers/components/catalogs/buyer-catalog.service.ts
FN:21,(anonymous_0)
FN:35,(anonymous_1)
FNF:2
FNH:0
FNDA:0,(anonymous_0)
FNDA:0,(anonymous_1)
DA:13,1
DA:14,0
DA:22,0
DA:36,0
DA:37,0
LF:5
LH:1
BRF:0
BRH:0
end_of_record
TN:
SF:C:/HeadStart/OC-Marketplace.RyanLauer/src/UI/seller/src/app/buyers/components/catalogs/buyer-catalog-table/buyer-catalog-table.component.ts
FN:10,createBuyerCatalogForm
FN:22,(anonymous_1)
FNF:2
FNH:0
FNDA:0,createBuyerCatalogForm
FNDA:0,(anonymous_1)
DA:11,0
DA:21,1
DA:23,0
DA:27,0
DA:30,0
LF:5
LH:1
BRF:0
BRH:0
end_of_record
TN:
SF:C:/HeadStart/OC-Marketplace.RyanLauer/src/UI/seller/src/app/buyers/components/categories/buyer-category-table/buyer-category-table.component.ts
FN:14,(anonymous_0)
FN:25,(anonymous_1)
FNF:2
FNH:0
FNDA:0,(anonymous_0)
FNDA:0,(anonymous_1)
DA:13,1
DA:15,0
DA:19,0
DA:22,0
DA:28,0
DA:29,0
DA:30,0
DA:31,0
DA:32,0
DA:34,0
LF:10
LH:1
BRDA:29,0,0,0
BRDA:29,0,1,0
BRDA:29,1,0,0
BRDA:29,1,1,0
BRDA:29,2,0,0
BRDA:29,2,1,0
BRDA:29,3,0,0
BRDA:29,3,1,0
BRF:8
BRH:0
end_of_record
TN:
SF:C:/HeadStart/OC-Marketplace.RyanLauer/src/UI/seller/src/app/buyers/components/locations/buyer-location.service.ts
FN:68,(anonymous_0)
FN:88,(anonymous_1)
FN:91,(anonymous_3)
FN:97,(anonymous_4)
FN:105,(anonymous_6)
FN:107,(anonymous_8)
FN:114,(anonymous_9)
FN:117,(anonymous_10)
FNF:8
FNH:0
FNDA:0,(anonymous_0)
FNDA:0,(anonymous_1)
FNDA:0,(anonymous_3)
FNDA:0,(anonymous_4)
FNDA:0,(anonymous_6)
FNDA:0,(anonymous_8)
FNDA:0,(anonymous_9)
FNDA:0,(anonymous_10)
DA:23,1
DA:37,1
DA:38,0
DA:71,0
DA:72,0
DA:73,0
DA:74,0
DA:76,0
DA:89,0
DA:90,0
DA:91,0
DA:92,0
DA:93,0
DA:94,0
DA:98,0
DA:99,0
DA:100,0
DA:101,0
DA:102,0
DA:106,0
DA:107,0
DA:109,0
DA:113,0
DA:114,0
DA:118,0
DA:119,0
DA:120,0
LF:27
LH:2
BRF:0
BRH:0
end_of_record
TN:
SF:C:/HeadStart/OC-Marketplace.RyanLauer/src/UI/seller/src/app/buyers/components/locations/buyer-location-table/buyer-location-table.component.ts
FN:19,(anonymous_0)
FNF:1
FNH:0
FNDA:0,(anonymous_0)
DA:15,1
DA:20,0
DA:24,0
DA:27,0
LF:4
LH:1
BRF:0
BRH:0
end_of_record
TN:
SF:C:/HeadStart/OC-Marketplace.RyanLauer/src/UI/seller/src/app/buyers/components/payments/buyer-payment.service.ts
FN:14,(anonymous_0)
FNF:1
FNH:0
FNDA:0,(anonymous_0)
DA:13,1
DA:15,0
LF:2
LH:1
BRF:0
BRH:0
end_of_record
TN:
SF:C:/HeadStart/OC-Marketplace.RyanLauer/src/UI/seller/src/app/buyers/components/payments/buyer-payment-table/buyer-payment-table.component.ts
FN:14,(anonymous_0)
FNF:1
FNH:0
FNDA:0,(anonymous_0)
DA:13,1
DA:15,0
DA:19,0
DA:22,0
LF:4
LH:1
BRF:0
BRH:0
end_of_record
TN:
SF:C:/HeadStart/OC-Marketplace.RyanLauer/src/UI/seller/src/app/buyers/components/users/buyer-user.service.ts
FN:32,(anonymous_0)
FN:42,(anonymous_1)
FN:48,(anonymous_3)
FN:51,(anonymous_4)
FN:57,(anonymous_5)
FN:74,(anonymous_7)
FN:91,(anonymous_9)
FN:96,(anonymous_11)
FN:100,(anonymous_13)
FNF:9
FNH:0
FNDA:0,(anonymous_0)
FNDA:0,(anonymous_1)
FNDA:0,(anonymous_3)
FNDA:0,(anonymous_4)
FNDA:0,(anonymous_5)
FNDA:0,(anonymous_7)
FNDA:0,(anonymous_9)
FNDA:0,(anonymous_11)
FNDA:0,(anonymous_13)
DA:23,1
DA:24,0
DA:35,0
DA:36,0
DA:37,0
DA:39,0
DA:48,0
DA:49,0
DA:51,0
DA:52,0
DA:54,0
DA:62,0
DA:65,0
DA:66,0
DA:79,0
DA:80,0
DA:86,0
DA:93,0
DA:97,0
DA:101,0
DA:102,0
DA:103,0
DA:104,0
DA:105,0
DA:106,0
DA:107,0
LF:26
LH:1
BRDA:46,0,0,0
BRDA:60,1,0,0
BRDA:65,2,0,0
BRDA:65,2,1,0
BRDA:77,3,0,0
BRDA:79,4,0,0
BRDA:79,4,1,0
BRF:7
BRH:0
end_of_record
TN:
SF:C:/HeadStart/OC-Marketplace.RyanLauer/src/UI/seller/src/app/buyers/components/users/buyer-user-table/buyer-user-table.component.ts
FN:17,(anonymous_0)
FN:28,(anonymous_1)
FN:37,(anonymous_2)
FN:50,(anonymous_4)
FN:52,(anonymous_6)
FNF:5
FNH:0
FNDA:0,(anonymous_0)
FNDA:0,(anonymous_1)
FNDA:0,(anonymous_2)
FNDA:0,(anonymous_4)
FNDA:0,(anonymous_6)
DA:13,1
DA:14,0
DA:15,0
DA:18,0
DA:22,0
DA:25,0
DA:29,0
DA:30,0
DA:32,0
DA:33,0
DA:38,0
DA:39,0
DA:40,0
DA:41,0
DA:42,0
DA:43,0
DA:45,0
DA:46,0
DA:51,0
DA:52,0
DA:53,0
DA:54,0
DA:56,0
DA:57,0
LF:24
LH:1
BRDA:29,0,0,0
BRDA:29,0,1,0
BRDA:32,1,0,0
BRDA:32,1,1,0
BRF:4
BRH:0
end_of_record
TN:
SF:C:/HeadStart/OC-Marketplace.RyanLauer/src/UI/seller/src/app/config/app.config.ts
FN:109,(anonymous_0)
FNF:1
FNH:0
FNDA:0,(anonymous_0)
DA:5,1
DA:107,1
DA:109,0
LF:3
LH:2
BRF:0
BRH:0
end_of_record
TN:
SF:C:/HeadStart/OC-Marketplace.RyanLauer/src/UI/seller/src/app/config/error-handling.config.ts
FN:13,(anonymous_0)
FN:17,(anonymous_1)
FN:25,(anonymous_2)
FN:62,(anonymous_3)
FNF:4
FNH:0
FNDA:0,(anonymous_0)
FNDA:0,(anonymous_1)
FNDA:0,(anonymous_2)
FNDA:0,(anonymous_3)
DA:12,1
DA:13,0
DA:14,0
DA:18,0
DA:19,0
DA:26,0
DA:27,0
DA:29,0
DA:30,0
DA:31,0
DA:32,0
DA:34,0
DA:35,0
DA:36,0
DA:38,0
DA:40,0
DA:41,0
DA:42,0
DA:43,0
DA:44,0
DA:45,0
DA:47,0
DA:49,0
DA:50,0
DA:52,0
DA:54,0
DA:56,0
DA:63,0
LF:28
LH:1
BRDA:26,0,0,0
BRDA:26,0,1,0
BRDA:30,1,0,0
BRDA:30,1,1,0
BRDA:30,2,0,0
BRDA:30,2,1,0
BRDA:30,3,0,0
BRDA:30,3,1,0
BRDA:30,4,0,0
BRDA:30,4,1,0
BRDA:30,5,0,0
BRDA:30,5,1,0
BRDA:30,6,0,0
BRDA:30,6,1,0
BRDA:30,7,0,0
BRDA:30,7,1,0
BRDA:32,8,0,0
BRDA:32,8,1,0
BRDA:32,9,0,0
BRDA:32,9,1,0
BRDA:35,10,0,0
BRDA:35,10,1,0
BRDA:40,11,0,0
BRDA:40,11,1,0
BRDA:40,12,0,0
BRDA:40,12,1,0
BRDA:40,13,0,0
BRDA:40,13,1,0
BRDA:40,14,0,0
BRDA:40,14,1,0
BRDA:40,15,0,0
BRDA:40,15,1,0
BRDA:42,16,0,0
BRDA:42,16,1,0
BRDA:42,17,0,0
BRDA:42,17,1,0
BRDA:42,18,0,0
BRDA:42,18,1,0
BRDA:42,19,0,0
BRDA:42,19,1,0
BRDA:42,20,0,0
BRDA:42,20,1,0
BRDA:43,21,0,0
BRDA:43,21,1,0
BRDA:43,22,0,0
BRDA:43,22,1,0
BRDA:43,23,0,0
BRDA:43,23,1,0
BRDA:43,24,0,0
BRDA:43,24,1,0
BRDA:43,25,0,0
BRDA:43,25,1,0
BRDA:43,26,0,0
BRDA:43,26,1,0
BRDA:44,27,0,0
BRDA:44,27,1,0
BRDA:49,28,0,0
BRDA:49,28,1,0
BRDA:52,29,0,0
BRDA:52,29,1,0
BRDA:52,30,0,0
BRDA:52,30,1,0
BRF:62
BRH:0
end_of_record
TN:
SF:C:/HeadStart/OC-Marketplace.RyanLauer/src/UI/seller/src/app/config/mp-security-profiles.ts
FNF:0
FNH:0
DA:11,1
DA:35,1
DA:114,1
DA:119,1
DA:124,1
DA:134,1
DA:139,1
DA:144,1
DA:149,1
DA:154,1
DA:159,1
DA:164,1
DA:169,1
DA:176,1
DA:188,1
DA:200,1
DA:205,1
DA:214,1
DA:222,1
DA:226,1
DA:230,1
DA:234,1
DA:238,1
DA:247,1
DA:267,1
DA:280,1
DA:284,1
LF:27
LH:27
BRF:0
BRH:0
end_of_record
TN:
SF:C:/HeadStart/OC-Marketplace.RyanLauer/src/UI/seller/src/app/layout/header/header.component.ts
FN:46,(anonymous_0)
FN:102,(anonymous_1)
FN:103,(anonymous_2)
FN:57,(anonymous_3)
FN:67,(anonymous_5)
FN:82,(anonymous_7)
FN:87,(anonymous_9)
FN:88,(anonymous_10)
FN:92,(anonymous_11)
FN:95,(anonymous_12)
FN:109,(anonymous_13)
FN:115,(anonymous_14)
FN:119,(anonymous_15)
FN:123,(anonymous_16)
FNF:14
FNH:0
FNDA:0,(anonymous_0)
FNDA:0,(anonymous_1)
FNDA:0,(anonymous_2)
FNDA:0,(anonymous_3)
FNDA:0,(anonymous_5)
FNDA:0,(anonymous_7)
FNDA:0,(anonymous_9)
FNDA:0,(anonymous_10)
FNDA:0,(anonymous_11)
FNDA:0,(anonymous_12)
FNDA:0,(anonymous_13)
FNDA:0,(anonymous_14)
FNDA:0,(anonymous_15)
FNDA:0,(anonymous_16)
DA:27,1
DA:31,0
DA:32,0
DA:33,0
DA:34,0
DA:35,0
DA:36,0
DA:37,0
DA:38,0
DA:39,0
DA:40,0
DA:42,0
DA:47,0
DA:48,0
DA:49,0
DA:50,0
DA:51,0
DA:52,0
DA:54,0
DA:58,0
DA:62,0
DA:63,0
DA:64,0
DA:68,0
DA:69,0
DA:70,0
DA:73,0
DA:75,0
DA:78,0
DA:83,0
DA:84,0
DA:88,0
DA:89,0
DA:90,0
DA:92,0
DA:93,0
DA:95,0
DA:96,0
DA:97,0
DA:102,0
DA:103,0
DA:104,0
DA:106,0
DA:110,0
DA:111,0
DA:112,0
DA:116,0
DA:120,0
DA:124,0
DA:125,0
DA:126,0
LF:51
LH:1
BRDA:104,0,0,0
BRDA:104,0,1,0
BRDA:104,0,2,0
BRDA:106,1,0,0
BRDA:106,1,1,0
BRDA:69,2,0,0
BRDA:69,2,1,0
BRDA:96,3,0,0
BRDA:96,3,1,0
BRDA:124,4,0,0
BRDA:124,4,1,0
BRDA:124,5,0,0
BRDA:124,5,1,0
BRDA:124,6,0,0
BRDA:124,6,1,0
BRDA:124,7,0,0
BRDA:124,7,1,0
BRDA:125,8,0,0
BRDA:125,8,1,0
BRDA:125,9,0,0
BRDA:125,9,1,0
BRDA:125,10,0,0
BRDA:125,10,1,0
BRDA:125,11,0,0
BRDA:125,11,1,0
BRF:25
BRH:0
end_of_record
TN:
SF:C:/HeadStart/OC-Marketplace.RyanLauer/src/UI/seller/src/app/layout/header/header.config.ts
FN:292,(anonymous_0)
FN:294,(anonymous_1)
FN:305,(anonymous_2)
FN:306,(anonymous_3)
FN:308,(anonymous_4)
FNF:5
FNH:0
FNDA:0,(anonymous_0)
FNDA:0,(anonymous_1)
FNDA:0,(anonymous_2)
FNDA:0,(anonymous_3)
FNDA:0,(anonymous_4)
DA:5,1
DA:19,1
DA:39,1
DA:45,1
DA:51,1
DA:57,1
DA:65,1
DA:72,1
DA:79,1
DA:86,1
DA:92,1
DA:98,1
DA:104,1
DA:110,1
DA:118,1
DA:127,1
DA:133,1
DA:139,1
DA:145,1
DA:151,1
DA:157,1
DA:163,1
DA:169,1
DA:185,1
DA:191,1
DA:197,1
DA:203,1
DA:210,1
DA:216,1
DA:222,1
DA:228,1
DA:235,1
DA:241,1
DA:247,1
DA:253,1
DA:260,1
DA:266,1
DA:272,1
DA:278,1
DA:292,1
DA:293,0
DA:294,0
DA:295,0
DA:296,0
DA:298,0
DA:299,0
DA:300,0
DA:305,1
DA:306,0
DA:307,0
DA:308,0
LF:51
LH:41
BRDA:295,0,0,0
BRDA:295,0,1,0
BRDA:308,1,0,0
BRDA:308,1,1,0
BRDA:308,1,2,0
BRF:5
BRH:0
end_of_record
TN:
SF:C:/HeadStart/OC-Marketplace.RyanLauer/src/UI/seller/src/app/layout/home/home.component.ts
FN:11,(anonymous_0)
FN:15,(anonymous_1)
FNF:2
FNH:0
FNDA:0,(anonymous_0)
FNDA:0,(anonymous_1)
DA:9,1
DA:12,0
LF:2
LH:1
BRF:0
BRH:0
end_of_record
TN:
SF:C:/HeadStart/OC-Marketplace.RyanLauer/src/UI/seller/src/app/orders/line-item-status.helper.ts
FN:14,NumberCanChangeTo
FN:16,(anonymous_1)
FN:17,(anonymous_2)
FN:19,CanChangeTo
FN:23,CanChangeLineItemsOnOrderTo
FN:24,(anonymous_5)
FNF:6
FNH:0
FNDA:0,NumberCanChangeTo
FNDA:0,(anonymous_1)
FNDA:0,(anonymous_2)
FNDA:0,CanChangeTo
FNDA:0,CanChangeLineItemsOnOrderTo
FNDA:0,(anonymous_5)
DA:4,1
DA:15,0
DA:16,0
DA:17,0
DA:20,0
DA:24,0
LF:6
LH:1
BRF:0
BRH:0
end_of_record
TN:
SF:C:/HeadStart/OC-Marketplace.RyanLauer/src/UI/seller/src/app/orders/order.service.ts
FN:13,(anonymous_0)
FN:17,(anonymous_1)
FN:20,(anonymous_2)
FNF:3
FNH:0
FNDA:0,(anonymous_0)
FNDA:0,(anonymous_1)
FNDA:0,(anonymous_2)
DA:12,1
DA:15,0
DA:18,0
DA:21,0
LF:4
LH:1
BRDA:21,0,0,0
BRDA:21,0,1,0
BRDA:21,1,0,0
BRDA:21,1,1,0
BRDA:21,2,0,0
BRDA:21,2,1,0
BRDA:21,3,0,0
BRDA:21,3,1,0
BRF:8
BRH:0
end_of_record
TN:
SF:C:/HeadStart/OC-Marketplace.RyanLauer/src/UI/seller/src/app/orders/pdf-render.service.ts
FN:12,(anonymous_0)
FN:29,(anonymous_2)
FN:37,(anonymous_3)
FN:40,(anonymous_4)
FN:43,(anonymous_5)
FN:70,(anonymous_6)
FN:77,(anonymous_7)
FN:90,(anonymous_9)
FN:92,(anonymous_10)
FNF:9
FNH:0
FNDA:0,(anonymous_0)
FNDA:0,(anonymous_2)
FNDA:0,(anonymous_3)
FNDA:0,(anonymous_4)
FNDA:0,(anonymous_5)
FNDA:0,(anonymous_6)
FNDA:0,(anonymous_7)
FNDA:0,(anonymous_9)
FNDA:0,(anonymous_10)
DA:9,1
DA:18,0
DA:21,0
DA:23,0
DA:24,0
DA:25,0
DA:28,0
DA:29,0
DA:30,0
DA:32,0
DA:33,0
DA:34,0
DA:38,0
DA:41,0
DA:42,0
DA:43,0
DA:44,0
DA:45,0
DA:46,0
DA:47,0
DA:48,0
DA:49,0
DA:50,0
DA:51,0
DA:52,0
DA:53,0
DA:54,0
DA:55,0
DA:56,0
DA:57,0
DA:60,0
DA:65,0
DA:71,0
DA:72,0
DA:78,0
DA:79,0
DA:80,0
DA:81,0
DA:82,0
DA:83,0
DA:84,0
DA:85,0
DA:86,0
DA:87,0
DA:91,0
DA:92,0
DA:93,0
DA:94,0
DA:96,0
LF:49
LH:1
BRDA:51,0,0,0
BRDA:51,0,1,0
BRDA:54,1,0,0
BRDA:54,1,1,0
BRDA:91,2,0,0
BRDA:91,2,1,0
BRDA:91,3,0,0
BRDA:91,3,1,0
BRDA:93,4,0,0
BRDA:93,4,1,0
BRDA:93,5,0,0
BRDA:93,5,1,0
BRF:12
BRH:0
end_of_record
TN:
SF:C:/HeadStart/OC-Marketplace.RyanLauer/src/UI/seller/src/app/orders/components/order-details/order-details.component.ts
FN:76,(anonymous_0)
FN:70,(anonymous_1)
FN:89,(anonymous_2)
FN:112,(anonymous_3)
FN:120,(anonymous_4)
FN:124,(anonymous_5)
FN:129,(anonymous_6)
FN:138,(anonymous_7)
FN:141,(anonymous_9)
FN:144,(anonymous_10)
FN:148,(anonymous_11)
FN:160,(anonymous_13)
FN:176,(anonymous_15)
FN:177,(anonymous_16)
FN:183,(anonymous_17)
FN:188,(anonymous_19)
FN:192,(anonymous_20)
FNF:17
FNH:0
FNDA:0,(anonymous_0)
FNDA:0,(anonymous_1)
FNDA:0,(anonymous_2)
FNDA:0,(anonymous_3)
FNDA:0,(anonymous_4)
FNDA:0,(anonymous_5)
FNDA:0,(anonymous_6)
FNDA:0,(anonymous_7)
FNDA:0,(anonymous_9)
FNDA:0,(anonymous_10)
FNDA:0,(anonymous_11)
FNDA:0,(anonymous_13)
FNDA:0,(anonymous_15)
FNDA:0,(anonymous_16)
FNDA:0,(anonymous_17)
FNDA:0,(anonymous_19)
FNDA:0,(anonymous_20)
DA:25,1
DA:45,1
DA:46,0
DA:47,0
DA:48,0
DA:49,0
DA:50,0
DA:51,0
DA:52,0
DA:53,0
DA:54,0
DA:58,0
DA:59,0
DA:60,0
DA:70,1
DA:71,0
DA:72,0
DA:73,0
DA:77,0
DA:78,0
DA:79,0
DA:80,0
DA:81,0
DA:82,0
DA:83,0
DA:84,0
DA:86,0
DA:90,0
DA:92,0
DA:93,0
DA:95,0
DA:96,0
DA:98,0
DA:99,0
DA:101,0
DA:102,0
DA:104,0
DA:105,0
DA:107,0
DA:108,0
DA:113,0
DA:114,0
DA:116,0
DA:117,0
DA:121,0
DA:125,0
DA:126,0
DA:130,0
DA:131,0
DA:132,0
DA:134,0
DA:139,0
DA:141,0
DA:145,0
DA:149,0
DA:152,0
DA:153,0
DA:154,0
DA:155,0
DA:156,0
DA:157,0
DA:161,0
DA:162,0
DA:166,0
DA:167,0
DA:168,0
DA:169,0
DA:171,0
DA:172,0
DA:173,0
DA:174,0
DA:176,0
DA:177,0
DA:178,0
DA:184,0
DA:185,0
DA:189,0
DA:193,0
LF:78
LH:3
BRDA:71,0,0,0
BRDA:71,0,1,0
BRDA:91,1,0,0
BRDA:91,1,1,0
BRDA:91,1,2,0
BRDA:91,1,3,0
BRDA:90,2,0,0
BRDA:90,2,1,0
BRDA:90,3,0,0
BRDA:90,3,1,0
BRDA:90,4,0,0
BRDA:90,4,1,0
BRDA:90,5,0,0
BRDA:90,5,1,0
BRDA:104,6,0,0
BRDA:104,6,1,0
BRDA:104,7,0,0
BRDA:104,7,1,0
BRDA:104,8,0,0
BRDA:104,8,1,0
BRDA:104,9,0,0
BRDA:104,9,1,0
BRDA:104,10,0,0
BRDA:104,10,1,0
BRDA:107,11,0,0
BRDA:107,11,1,0
BRDA:107,12,0,0
BRDA:107,12,1,0
BRDA:107,13,0,0
BRDA:107,13,1,0
BRDA:107,14,0,0
BRDA:107,14,1,0
BRDA:107,15,0,0
BRDA:107,15,1,0
BRDA:113,16,0,0
BRDA:113,16,1,0
BRDA:113,17,0,0
BRDA:113,17,1,0
BRDA:125,18,0,0
BRDA:125,18,1,0
BRDA:125,19,0,0
BRDA:125,19,1,0
BRDA:125,20,0,0
BRDA:125,20,1,0
BRDA:125,21,0,0
BRDA:125,21,1,0
BRDA:125,22,0,0
BRDA:125,22,1,0
BRDA:125,23,0,0
BRDA:125,23,1,0
BRDA:131,24,0,0
BRDA:131,24,1,0
BRDA:149,25,0,0
BRDA:149,25,1,0
BRDA:149,26,0,0
BRDA:149,26,1,0
BRDA:149,27,0,0
BRDA:149,27,1,0
BRDA:149,28,0,0
BRDA:149,28,1,0
BRDA:149,29,0,0
BRDA:149,29,1,0
BRDA:149,30,0,0
BRDA:149,30,1,0
BRDA:149,31,0,0
BRDA:149,31,1,0
BRDA:149,32,0,0
BRDA:149,32,1,0
BRDA:149,33,0,0
BRDA:149,33,1,0
BRDA:149,34,0,0
BRDA:149,34,1,0
BRDA:149,35,0,0
BRDA:149,35,1,0
BRDA:149,36,0,0
BRDA:149,36,1,0
BRDA:149,37,0,0
BRDA:149,37,1,0
BRDA:151,38,0,0
BRDA:151,38,1,0
BRDA:151,39,0,0
BRDA:151,39,1,0
BRDA:151,40,0,0
BRDA:151,40,1,0
BRDA:151,41,0,0
BRDA:151,41,1,0
BRDA:151,42,0,0
BRDA:151,42,1,0
BRDA:151,43,0,0
BRDA:151,43,1,0
BRDA:151,44,0,0
BRDA:151,44,1,0
BRDA:151,45,0,0
BRDA:151,45,1,0
BRDA:151,46,0,0
BRDA:151,46,1,0
BRDA:151,47,0,0
BRDA:151,47,1,0
BRDA:151,48,0,0
BRDA:151,48,1,0
BRDA:151,49,0,0
BRDA:151,49,1,0
BRDA:151,50,0,0
BRDA:151,50,1,0
BRDA:151,51,0,0
BRDA:151,51,1,0
BRDA:151,52,0,0
BRDA:151,52,1,0
BRDA:151,53,0,0
BRDA:151,53,1,0
BRDA:168,54,0,0
BRDA:168,54,1,0
BRF:112
BRH:0
end_of_record
TN:
SF:C:/HeadStart/OC-Marketplace.RyanLauer/src/UI/seller/src/app/orders/components/order-shipments/order-shipments.component.ts
FN:69,(anonymous_0)
FN:60,(anonymous_1)
FN:83,(anonymous_2)
FN:91,(anonymous_4)
FN:96,(anonymous_6)
FN:109,(anonymous_7)
FN:117,(anonymous_8)
FN:130,(anonymous_9)
FN:138,(anonymous_10)
FN:139,(anonymous_11)
FN:143,(anonymous_12)
FN:147,(anonymous_13)
FN:162,(anonymous_14)
FN:167,(anonymous_16)
FN:167,(anonymous_17)
FN:174,(anonymous_18)
FN:179,(anonymous_20)
FN:182,(anonymous_22)
FN:182,(anonymous_23)
FN:194,(anonymous_24)
FN:199,(anonymous_25)
FN:203,(anonymous_27)
FN:208,(anonymous_28)
FN:212,(anonymous_29)
FN:221,(anonymous_30)
FN:225,(anonymous_31)
FN:234,(anonymous_32)
FN:240,(anonymous_34)
FN:249,(anonymous_35)
FN:253,(anonymous_36)
FN:256,(anonymous_37)
FN:268,(anonymous_38)
FN:292,(anonymous_40)
FN:299,(anonymous_41)
FN:310,(anonymous_42)
FN:315,(anonymous_43)
FNF:36
FNH:0
FNDA:0,(anonymous_0)
FNDA:0,(anonymous_1)
FNDA:0,(anonymous_2)
FNDA:0,(anonymous_4)
FNDA:0,(anonymous_6)
FNDA:0,(anonymous_7)
FNDA:0,(anonymous_8)
FNDA:0,(anonymous_9)
FNDA:0,(anonymous_10)
FNDA:0,(anonymous_11)
FNDA:0,(anonymous_12)
FNDA:0,(anonymous_13)
FNDA:0,(anonymous_14)
FNDA:0,(anonymous_16)
FNDA:0,(anonymous_17)
FNDA:0,(anonymous_18)
FNDA:0,(anonymous_20)
FNDA:0,(anonymous_22)
FNDA:0,(anonymous_23)
FNDA:0,(anonymous_24)
FNDA:0,(anonymous_25)
FNDA:0,(anonymous_27)
FNDA:0,(anonymous_28)
FNDA:0,(anonymous_29)
FNDA:0,(anonymous_30)
FNDA:0,(anonymous_31)
FNDA:0,(anonymous_32)
FNDA:0,(anonymous_34)
FNDA:0,(anonymous_35)
FNDA:0,(anonymous_36)
FNDA:0,(anonymous_37)
FNDA:0,(anonymous_38)
FNDA:0,(anonymous_40)
FNDA:0,(anonymous_41)
FNDA:0,(anonymous_42)
FNDA:0,(anonymous_43)
DA:36,1
DA:37,0
DA:38,0
DA:39,0
DA:40,0
DA:41,0
DA:42,0
DA:43,0
DA:44,0
DA:47,0
DA:53,0
DA:54,0
DA:55,0
DA:58,1
DA:60,1
DA:61,0
DA:62,0
DA:65,1
DA:67,1
DA:70,0
DA:71,0
DA:72,0
DA:73,0
DA:74,0
DA:75,0
DA:76,0
DA:77,0
DA:78,0
DA:80,0
DA:84,0
DA:85,0
DA:86,0
DA:87,0
DA:92,0
DA:93,0
DA:97,0
DA:108,0
DA:109,0
DA:110,0
DA:119,0
DA:120,0
DA:121,0
DA:122,0
DA:124,0
DA:125,0
DA:127,0
DA:131,0
DA:132,0
DA:133,0
DA:134,0
DA:135,0
DA:139,0
DA:140,0
DA:144,0
DA:148,0
DA:149,0
DA:150,0
DA:151,0
DA:164,0
DA:167,0
DA:168,0
DA:169,0
DA:171,0
DA:175,0
DA:176,0
DA:180,0
DA:181,0
DA:182,0
DA:183,0
DA:184,0
DA:191,0
DA:195,0
DA:196,0
DA:200,0
DA:204,0
DA:205,0
DA:209,0
DA:213,0
DA:222,0
DA:226,0
DA:235,0
DA:236,0
DA:241,0
DA:242,0
DA:243,0
DA:244,0
DA:246,0
DA:250,0
DA:254,0
DA:255,0
DA:256,0
DA:257,0
DA:269,0
DA:270,0
DA:271,0
DA:272,0
DA:273,0
DA:274,0
DA:280,0
DA:293,0
DA:299,0
DA:301,0
DA:302,0
DA:305,0
DA:306,0
DA:307,0
DA:311,0
DA:312,0
DA:313,0
DA:314,0
DA:315,0
DA:316,0
DA:317,0
LF:113
LH:5
BRDA:84,0,0,0
BRDA:84,0,1,0
BRDA:84,1,0,0
BRDA:84,1,1,0
BRDA:121,2,0,0
BRDA:121,2,1,0
BRDA:124,3,0,0
BRDA:124,3,1,0
BRDA:140,4,0,0
BRDA:140,4,1,0
BRDA:167,5,0,0
BRDA:167,5,1,0
BRDA:167,6,0,0
BRDA:167,6,1,0
BRDA:167,7,0,0
BRDA:167,7,1,0
BRDA:167,8,0,0
BRDA:167,8,1,0
BRDA:183,9,0,0
BRDA:183,9,1,0
BRDA:183,10,0,0
BRDA:183,10,1,0
BRDA:183,11,0,0
BRDA:183,11,1,0
BRDA:183,12,0,0
BRDA:183,12,1,0
BRDA:183,13,0,0
BRDA:183,13,1,0
BRDA:183,14,0,0
BRDA:183,14,1,0
BRDA:186,15,0,0
BRDA:186,15,1,0
BRDA:186,16,0,0
BRDA:186,16,1,0
BRDA:209,17,0,0
BRDA:209,17,1,0
BRDA:213,18,0,0
BRDA:213,18,1,0
BRDA:222,19,0,0
BRDA:222,19,1,0
BRDA:226,20,0,0
BRDA:226,20,1,0
BRDA:235,21,0,0
BRDA:235,21,1,0
BRDA:236,22,0,0
BRDA:236,22,1,0
BRDA:236,23,0,0
BRDA:236,23,1,0
BRDA:250,24,0,0
BRDA:250,24,1,0
BRDA:255,25,0,0
BRDA:255,25,1,0
BRDA:293,26,0,0
BRDA:293,26,1,0
BRDA:293,27,0,0
BRDA:293,27,1,0
BRDA:311,28,0,0
BRDA:311,28,1,0
BRDA:312,29,0,0
BRDA:312,29,1,0
BRDA:313,30,0,0
BRDA:313,30,1,0
BRDA:316,31,0,0
BRDA:316,31,1,0
BRDA:317,32,0,0
BRDA:317,32,1,0
BRF:66
BRH:0
end_of_record
TN:
SF:C:/HeadStart/OC-Marketplace.RyanLauer/src/UI/seller/src/app/orders/components/order-table/order-table.component.ts
FN:18,(anonymous_0)
FN:28,(anonymous_1)
FN:33,(anonymous_2)
FN:37,(anonymous_3)
FN:45,(anonymous_4)
FNF:5
FNH:0
FNDA:0,(anonymous_0)
FNDA:0,(anonymous_1)
FNDA:0,(anonymous_2)
FNDA:0,(anonymous_3)
FNDA:0,(anonymous_4)
DA:14,1
DA:16,0
DA:19,0
DA:24,0
DA:26,0
DA:27,0
DA:28,0
DA:29,0
DA:30,0
DA:33,0
DA:34,0
DA:38,0
DA:39,0
DA:41,0
DA:46,0
DA:47,0
DA:49,0
LF:17
LH:1
BRDA:29,0,0,0
BRDA:29,0,1,0
BRDA:38,1,0,0
BRDA:38,1,1,0
BRF:4
BRH:0
end_of_record
TN:
SF:C:/HeadStart/OC-Marketplace.RyanLauer/src/UI/seller/src/app/products/product-image.helper.ts
FN:10,getProductSmallImageUrl
FN:14,getProductMediumImageUrl
FN:19,(anonymous_2)
FN:24,(anonymous_3)
FNF:4
FNH:0
FNDA:0,getProductSmallImageUrl
FNDA:0,getProductMediumImageUrl
FNDA:0,(anonymous_2)
FNDA:0,(anonymous_3)
DA:6,1
DA:7,1
DA:8,1
DA:11,0
DA:15,0
DA:19,1
DA:24,0
DA:25,0
LF:8
LH:4
BRF:0
BRH:0
end_of_record
TN:
SF:C:/HeadStart/OC-Marketplace.RyanLauer/src/UI/seller/src/app/products/product.service.ts
FN:82,(anonymous_0)
FN:94,(anonymous_1)
FN:100,(anonymous_3)
FN:104,(anonymous_4)
FN:105,(anonymous_5)
FN:111,(anonymous_6)
FN:116,(anonymous_8)
FN:119,(anonymous_9)
FN:127,(anonymous_10)
FN:130,(anonymous_12)
FN:136,(anonymous_14)
FN:142,(anonymous_16)
FN:147,(anonymous_18)
FN:151,(anonymous_20)
FN:155,(anonymous_22)
FN:158,(anonymous_24)
FN:161,(anonymous_26)
FN:164,(anonymous_28)
FN:167,(anonymous_30)
FN:170,(anonymous_32)
FNF:20
FNH:0
FNDA:0,(anonymous_0)
FNDA:0,(anonymous_1)
FNDA:0,(anonymous_3)
FNDA:0,(anonymous_4)
FNDA:0,(anonymous_5)
FNDA:0,(anonymous_6)
FNDA:0,(anonymous_8)
FNDA:0,(anonymous_9)
FNDA:0,(anonymous_10)
FNDA:0,(anonymous_12)
FNDA:0,(anonymous_14)
FNDA:0,(anonymous_16)
FNDA:0,(anonymous_18)
FNDA:0,(anonymous_20)
FNDA:0,(anonymous_22)
FNDA:0,(anonymous_24)
FNDA:0,(anonymous_26)
FNDA:0,(anonymous_28)
FNDA:0,(anonymous_30)
FNDA:0,(anonymous_32)
DA:21,1
DA:22,0
DA:85,0
DA:86,0
DA:87,0
DA:88,0
DA:89,0
DA:91,0
DA:100,0
DA:101,0
DA:102,0
DA:104,0
DA:105,0
DA:106,0
DA:108,0
DA:116,0
DA:117,0
DA:119,0
DA:120,0
DA:124,0
DA:128,0
DA:133,0
DA:139,0
DA:144,0
DA:149,0
DA:153,0
DA:156,0
DA:159,0
DA:162,0
DA:165,0
DA:168,0
DA:171,0
LF:32
LH:1
BRF:0
BRH:0
end_of_record
TN:
SF:C:/HeadStart/OC-Marketplace.RyanLauer/src/UI/seller/src/app/products/components/product-edit/product-edit.component.ts
FN:107,(anonymous_0)
FN:700,(anonymous_1)
FN:703,(anonymous_2)
FN:46,(anonymous_3)
FN:125,(anonymous_4)
FN:134,(anonymous_6)
FN:138,(anonymous_7)
FN:145,(anonymous_8)
FN:150,(anonymous_9)
FN:157,(anonymous_10)
FN:164,(anonymous_12)
FN:168,(anonymous_14)
FN:170,(anonymous_16)
FN:172,(anonymous_17)
FN:199,(anonymous_18)
FN:238,(anonymous_19)
FN:242,(anonymous_20)
FN:242,(anonymous_21)
FN:252,(anonymous_22)
FN:259,(anonymous_23)
FN:259,(anonymous_24)
FN:268,(anonymous_25)
FN:270,(anonymous_26)
FN:272,(anonymous_27)
FN:272,(anonymous_28)
FN:274,(anonymous_29)
FN:279,(anonymous_30)
FN:287,(anonymous_31)
FN:294,(anonymous_32)
FN:299,(anonymous_33)
FN:322,(anonymous_34)
FN:332,(anonymous_35)
FN:337,(anonymous_37)
FN:345,(anonymous_39)
FN:351,(anonymous_41)
FN:358,(anonymous_42)
FN:373,(anonymous_44)
FN:395,(anonymous_46)
FN:405,(anonymous_48)
FN:405,(anonymous_49)
FN:439,(anonymous_50)
FN:454,(anonymous_52)
FN:460,(anonymous_53)
FN:470,(anonymous_54)
FN:476,(anonymous_55)
FN:488,(anonymous_56)
FN:498,(anonymous_57)
FN:500,(anonymous_58)
FN:507,(anonymous_59)
FN:516,(anonymous_60)
FN:521,(anonymous_61)
FN:534,(anonymous_63)
FN:545,(anonymous_65)
FN:559,(anonymous_67)
FN:565,(anonymous_69)
FN:567,(anonymous_70)
FN:572,(anonymous_71)
FN:587,(anonymous_72)
FN:591,(anonymous_73)
FN:592,(anonymous_74)
FN:602,(anonymous_75)
FN:606,(anonymous_76)
FN:620,(anonymous_78)
FN:629,(anonymous_79)
FN:634,(anonymous_80)
FN:640,(anonymous_82)
FN:655,(anonymous_84)
FN:659,(anonymous_85)
FN:674,(anonymous_87)
FN:686,(anonymous_89)
FN:689,(anonymous_91)
FN:690,(anonymous_92)
FN:696,(anonymous_93)
FN:708,(anonymous_95)
FN:718,(anonymous_96)
FN:722,(anonymous_97)
FN:726,(anonymous_98)
FN:730,(anonymous_99)
FNF:78
FNH:0
FNDA:0,(anonymous_0)
FNDA:0,(anonymous_1)
FNDA:0,(anonymous_2)
FNDA:0,(anonymous_3)
FNDA:0,(anonymous_4)
FNDA:0,(anonymous_6)
FNDA:0,(anonymous_7)
FNDA:0,(anonymous_8)
FNDA:0,(anonymous_9)
FNDA:0,(anonymous_10)
FNDA:0,(anonymous_12)
FNDA:0,(anonymous_14)
FNDA:0,(anonymous_16)
FNDA:0,(anonymous_17)
FNDA:0,(anonymous_18)
FNDA:0,(anonymous_19)
FNDA:0,(anonymous_20)
FNDA:0,(anonymous_21)
FNDA:0,(anonymous_22)
FNDA:0,(anonymous_23)
FNDA:0,(anonymous_24)
FNDA:0,(anonymous_25)
FNDA:0,(anonymous_26)
FNDA:0,(anonymous_27)
FNDA:0,(anonymous_28)
FNDA:0,(anonymous_29)
FNDA:0,(anonymous_30)
FNDA:0,(anonymous_31)
FNDA:0,(anonymous_32)
FNDA:0,(anonymous_33)
FNDA:0,(anonymous_34)
FNDA:0,(anonymous_35)
FNDA:0,(anonymous_37)
FNDA:0,(anonymous_39)
FNDA:0,(anonymous_41)
FNDA:0,(anonymous_42)
FNDA:0,(anonymous_44)
FNDA:0,(anonymous_46)
FNDA:0,(anonymous_48)
FNDA:0,(anonymous_49)
FNDA:0,(anonymous_50)
FNDA:0,(anonymous_52)
FNDA:0,(anonymous_53)
FNDA:0,(anonymous_54)
FNDA:0,(anonymous_55)
FNDA:0,(anonymous_56)
FNDA:0,(anonymous_57)
FNDA:0,(anonymous_58)
FNDA:0,(anonymous_59)
FNDA:0,(anonymous_60)
FNDA:0,(anonymous_61)
FNDA:0,(anonymous_63)
FNDA:0,(anonymous_65)
FNDA:0,(anonymous_67)
FNDA:0,(anonymous_69)
FNDA:0,(anonymous_70)
FNDA:0,(anonymous_71)
FNDA:0,(anonymous_72)
FNDA:0,(anonymous_73)
FNDA:0,(anonymous_74)
FNDA:0,(anonymous_75)
FNDA:0,(anonymous_76)
FNDA:0,(anonymous_78)
FNDA:0,(anonymous_79)
FNDA:0,(anonymous_80)
FNDA:0,(anonymous_82)
FNDA:0,(anonymous_84)
FNDA:0,(anonymous_85)
FNDA:0,(anonymous_87)
FNDA:0,(anonymous_89)
FNDA:0,(anonymous_91)
FNDA:0,(anonymous_92)
FNDA:0,(anonymous_93)
FNDA:0,(anonymous_95)
FNDA:0,(anonymous_96)
FNDA:0,(anonymous_97)
FNDA:0,(anonymous_98)
FNDA:0,(anonymous_99)
DA:42,1
DA:44,1
DA:46,1
DA:47,0
DA:48,0
DA:50,0
DA:51,0
DA:52,0
DA:55,1
DA:57,1
DA:59,1
DA:61,1
DA:63,1
DA:65,1
DA:66,0
DA:67,0
DA:68,0
DA:69,0
DA:70,0
DA:71,0
DA:72,0
DA:73,0
DA:74,0
DA:75,0
DA:76,0
DA:77,0
DA:83,0
DA:84,0
DA:89,0
DA:90,0
DA:92,0
DA:93,0
DA:94,0
DA:96,0
DA:97,0
DA:98,0
DA:99,0
DA:100,0
DA:101,0
DA:102,0
DA:104,0
DA:108,0
DA:109,0
DA:110,0
DA:111,0
DA:112,0
DA:113,0
DA:114,0
DA:115,0
DA:116,0
DA:117,0
DA:118,0
DA:119,0
DA:120,0
DA:121,0
DA:122,0
DA:127,0
DA:128,0
DA:129,0
DA:130,0
DA:131,0
DA:135,0
DA:136,0
DA:137,0
DA:138,0
DA:139,0
DA:141,0
DA:142,0
DA:146,0
DA:147,0
DA:151,0
DA:152,0
DA:153,0
DA:154,0
DA:158,0
DA:159,0
DA:160,0
DA:165,0
DA:169,0
DA:170,0
DA:172,0
DA:174,0
DA:175,0
DA:176,0
DA:177,0
DA:179,0
DA:182,0
DA:184,0
DA:186,0
DA:187,0
DA:188,0
DA:189,0
DA:190,0
DA:191,0
DA:192,0
DA:193,0
DA:195,0
DA:196,0
DA:200,0
DA:201,0
DA:231,0
DA:232,0
DA:233,0
DA:234,0
DA:239,0
DA:240,0
DA:241,0
DA:242,0
DA:243,0
DA:244,0
DA:246,0
DA:248,0
DA:253,0
DA:255,0
DA:256,0
DA:258,0
DA:259,0
DA:260,0
DA:261,0
DA:263,0
DA:269,0
DA:270,0
DA:271,0
DA:272,0
DA:273,0
DA:274,0
DA:275,0
DA:276,0
DA:279,0
DA:280,0
DA:281,0
DA:288,0
DA:289,0
DA:290,0
DA:291,0
DA:295,0
DA:300,0
DA:302,0
DA:304,0
DA:305,0
DA:308,0
DA:309,0
DA:312,0
DA:313,0
DA:314,0
DA:316,0
DA:319,0
DA:323,0
DA:333,0
DA:334,0
DA:338,0
DA:339,0
DA:341,0
DA:346,0
DA:347,0
DA:348,0
DA:352,0
DA:353,0
DA:354,0
DA:355,0
DA:359,0
DA:360,0
DA:361,0
DA:362,0
DA:363,0
DA:364,0
DA:365,0
DA:366,0
DA:368,0
DA:369,0
DA:374,0
DA:375,0
DA:376,0
DA:377,0
DA:378,0
DA:380,0
DA:381,0
DA:383,0
DA:384,0
DA:385,0
DA:386,0
DA:388,0
DA:390,0
DA:391,0
DA:396,0
DA:397,0
DA:398,0
DA:399,0
DA:404,0
DA:405,0
DA:406,0
DA:407,0
DA:408,0
DA:433,0
DA:436,0
DA:440,0
DA:441,0
DA:442,0
DA:443,0
DA:444,0
DA:450,0
DA:451,0
DA:455,0
DA:456,0
DA:457,0
DA:461,0
DA:467,0
DA:471,0
DA:472,0
DA:477,0
DA:480,0
DA:484,0
DA:485,0
DA:489,0
DA:499,0
DA:500,0
DA:501,0
DA:502,0
DA:504,0
DA:505,0
DA:507,0
DA:508,0
DA:509,0
DA:511,0
DA:512,0
DA:517,0
DA:518,0
DA:522,0
DA:523,0
DA:529,0
DA:530,0
DA:531,0
DA:536,0
DA:537,0
DA:539,0
DA:541,0
DA:542,0
DA:547,0
DA:548,0
DA:550,0
DA:552,0
DA:555,0
DA:556,0
DA:560,0
DA:562,0
DA:563,0
DA:564,0
DA:565,0
DA:567,0
DA:569,0
DA:573,0
DA:574,0
DA:576,0
DA:578,0
DA:588,0
DA:592,0
DA:593,0
DA:594,0
DA:595,0
DA:596,0
DA:598,0
DA:599,0
DA:603,0
DA:608,0
DA:612,0
DA:614,0
DA:615,0
DA:616,0
DA:617,0
DA:621,0
DA:622,0
DA:623,0
DA:624,0
DA:625,0
DA:630,0
DA:631,0
DA:635,0
DA:636,0
DA:637,0
DA:641,0
DA:642,0
DA:643,0
DA:644,0
DA:645,0
DA:646,0
DA:647,0
DA:651,0
DA:656,0
DA:662,0
DA:663,0
DA:664,0
DA:665,0
DA:666,0
DA:667,0
DA:668,0
DA:669,0
DA:670,0
DA:671,0
DA:676,0
DA:677,0
DA:678,0
DA:680,0
DA:682,0
DA:683,0
DA:687,0
DA:688,0
DA:689,0
DA:690,0
DA:691,0
DA:692,0
DA:693,0
DA:697,0
DA:700,0
DA:701,0
DA:702,0
DA:703,0
DA:705,0
DA:709,0
DA:712,0
DA:713,0
DA:714,0
DA:715,0
DA:719,0
DA:723,0
DA:727,0
DA:731,0
LF:326
LH:9
BRDA:702,0,0,0
BRDA:702,0,1,0
BRDA:703,1,0,0
BRDA:703,1,1,0
BRDA:47,2,0,0
BRDA:47,2,1,0
BRDA:137,3,0,0
BRDA:137,3,1,0
BRDA:146,4,0,0
BRDA:146,4,1,0
BRDA:152,5,0,0
BRDA:152,5,1,0
BRDA:152,6,0,0
BRDA:152,6,1,0
BRDA:153,7,0,0
BRDA:153,7,1,0
BRDA:159,8,0,0
BRDA:159,8,1,0
BRDA:169,9,0,0
BRDA:169,9,1,0
BRDA:169,10,0,0
BRDA:169,10,1,0
BRDA:169,11,0,0
BRDA:169,11,1,0
BRDA:169,12,0,0
BRDA:169,12,1,0
BRDA:170,13,0,0
BRDA:170,13,1,0
BRDA:170,14,0,0
BRDA:170,14,1,0
BRDA:170,15,0,0
BRDA:170,15,1,0
BRDA:170,16,0,0
BRDA:170,16,1,0
BRDA:170,17,0,0
BRDA:170,17,1,0
BRDA:170,18,0,0
BRDA:170,18,1,0
BRDA:172,19,0,0
BRDA:172,19,1,0
BRDA:172,20,0,0
BRDA:172,20,1,0
BRDA:172,21,0,0
BRDA:172,21,1,0
BRDA:172,22,0,0
BRDA:172,22,1,0
BRDA:172,23,0,0
BRDA:172,23,1,0
BRDA:172,24,0,0
BRDA:172,24,1,0
BRDA:172,25,0,0
BRDA:172,25,1,0
BRDA:172,26,0,0
BRDA:172,26,1,0
BRDA:176,27,0,0
BRDA:176,27,1,0
BRDA:176,28,0,0
BRDA:176,28,1,0
BRDA:176,29,0,0
BRDA:176,29,1,0
BRDA:176,30,0,0
BRDA:176,30,1,0
BRDA:176,31,0,0
BRDA:176,31,1,0
BRDA:176,32,0,0
BRDA:176,32,1,0
BRDA:176,33,0,0
BRDA:176,33,1,0
BRDA:179,34,0,0
BRDA:179,34,1,0
BRDA:180,35,0,0
BRDA:180,35,1,0
BRDA:179,36,0,0
BRDA:179,36,1,0
BRDA:180,37,0,0
BRDA:180,37,1,0
BRDA:179,38,0,0
BRDA:179,38,1,0
BRDA:180,39,0,0
BRDA:180,39,1,0
BRDA:179,40,0,0
BRDA:179,40,1,0
BRDA:188,41,0,0
BRDA:188,41,1,0
BRDA:188,42,0,0
BRDA:188,42,1,0
BRDA:188,43,0,0
BRDA:188,43,1,0
BRDA:188,44,0,0
BRDA:188,44,1,0
BRDA:188,45,0,0
BRDA:188,45,1,0
BRDA:188,46,0,0
BRDA:188,46,1,0
BRDA:189,47,0,0
BRDA:189,47,1,0
BRDA:189,48,0,0
BRDA:189,48,1,0
BRDA:189,49,0,0
BRDA:189,49,1,0
BRDA:189,50,0,0
BRDA:189,50,1,0
BRDA:191,51,0,0
BRDA:191,51,1,0
BRDA:191,52,0,0
BRDA:191,52,1,0
BRDA:191,53,0,0
BRDA:191,53,1,0
BRDA:192,54,0,0
BRDA:192,54,1,0
BRDA:192,55,0,0
BRDA:192,55,1,0
BRDA:192,56,0,0
BRDA:192,56,1,0
BRDA:192,57,0,0
BRDA:192,57,1,0
BRDA:193,58,0,0
BRDA:193,58,1,0
BRDA:193,59,0,0
BRDA:193,59,1,0
BRDA:193,60,0,0
BRDA:193,60,1,0
BRDA:200,61,0,0
BRDA:200,61,1,0
BRDA:213,62,0,0
BRDA:213,62,1,0
BRDA:213,63,0,0
BRDA:213,63,1,0
BRDA:214,64,0,0
BRDA:214,64,1,0
BRDA:214,65,0,0
BRDA:214,65,1,0
BRDA:215,66,0,0
BRDA:215,66,1,0
BRDA:215,67,0,0
BRDA:215,67,1,0
BRDA:219,68,0,0
BRDA:219,68,1,0
BRDA:219,69,0,0
BRDA:219,69,1,0
BRDA:219,70,0,0
BRDA:219,70,1,0
BRDA:219,71,0,0
BRDA:219,71,1,0
BRDA:243,72,0,0
BRDA:243,72,1,0
BRDA:243,73,0,0
BRDA:243,73,1,0
BRDA:255,74,0,0
BRDA:255,74,1,0
BRDA:260,75,0,0
BRDA:260,75,1,0
BRDA:273,76,0,0
BRDA:273,76,1,0
BRDA:289,77,0,0
BRDA:289,77,1,0
BRDA:291,78,0,0
BRDA:291,78,1,0
BRDA:295,79,0,0
BRDA:295,79,1,0
BRDA:295,79,2,0
BRDA:295,79,3,0
BRDA:295,79,4,0
BRDA:300,80,0,0
BRDA:300,80,1,0
BRDA:305,81,0,0
BRDA:305,81,1,0
BRDA:305,81,2,0
BRDA:305,81,3,0
BRDA:308,82,0,0
BRDA:308,82,1,0
BRDA:312,83,0,0
BRDA:312,83,1,0
BRDA:313,84,0,0
BRDA:313,84,1,0
BRDA:313,84,2,0
BRDA:319,85,0,0
BRDA:319,85,1,0
BRDA:324,86,0,0
BRDA:324,86,1,0
BRDA:324,86,2,0
BRDA:324,86,3,0
BRDA:324,86,4,0
BRDA:334,87,0,0
BRDA:334,87,1,0
BRDA:334,88,0,0
BRDA:334,88,1,0
BRDA:334,89,0,0
BRDA:334,89,1,0
BRDA:334,90,0,0
BRDA:334,90,1,0
BRDA:334,91,0,0
BRDA:334,91,1,0
BRDA:338,92,0,0
BRDA:338,92,1,0
BRDA:362,93,0,0
BRDA:362,93,1,0
BRDA:363,94,0,0
BRDA:363,94,1,0
BRDA:377,95,0,0
BRDA:377,95,1,0
BRDA:380,96,0,0
BRDA:380,96,1,0
BRDA:380,97,0,0
BRDA:380,97,1,0
BRDA:380,98,0,0
BRDA:380,98,1,0
BRDA:384,99,0,0
BRDA:384,99,1,0
BRDA:385,100,0,0
BRDA:385,100,1,0
BRDA:396,101,0,0
BRDA:396,101,1,0
BRDA:396,102,0,0
BRDA:396,102,1,0
BRDA:407,103,0,0
BRDA:407,103,1,0
BRDA:410,104,0,0
BRDA:410,104,1,0
BRDA:410,105,0,0
BRDA:410,105,1,0
BRDA:411,106,0,0
BRDA:411,106,1,0
BRDA:411,107,0,0
BRDA:411,107,1,0
BRDA:414,108,0,0
BRDA:414,108,1,0
BRDA:414,109,0,0
BRDA:414,109,1,0
BRDA:414,110,0,0
BRDA:414,110,1,0
BRDA:414,111,0,0
BRDA:414,111,1,0
BRDA:415,112,0,0
BRDA:415,112,1,0
BRDA:415,113,0,0
BRDA:415,113,1,0
BRDA:415,114,0,0
BRDA:415,114,1,0
BRDA:415,115,0,0
BRDA:415,115,1,0
BRDA:423,116,0,0
BRDA:423,116,1,0
BRDA:423,117,0,0
BRDA:423,117,1,0
BRDA:423,118,0,0
BRDA:423,118,1,0
BRDA:423,119,0,0
BRDA:423,119,1,0
BRDA:424,120,0,0
BRDA:424,120,1,0
BRDA:424,121,0,0
BRDA:424,121,1,0
BRDA:424,122,0,0
BRDA:424,122,1,0
BRDA:424,123,0,0
BRDA:424,123,1,0
BRDA:424,124,0,0
BRDA:424,124,1,0
BRDA:424,125,0,0
BRDA:424,125,1,0
BRDA:424,126,0,0
BRDA:424,126,1,0
BRDA:424,127,0,0
BRDA:424,127,1,0
BRDA:442,128,0,0
BRDA:442,128,1,0
BRDA:442,129,0,0
BRDA:442,129,1,0
BRDA:442,130,0,0
BRDA:442,130,1,0
BRDA:442,131,0,0
BRDA:442,131,1,0
BRDA:442,132,0,0
BRDA:442,132,1,0
BRDA:442,133,0,0
BRDA:442,133,1,0
BRDA:442,134,0,0
BRDA:442,134,1,0
BRDA:442,135,0,0
BRDA:442,135,1,0
BRDA:442,136,0,0
BRDA:442,136,1,0
BRDA:442,137,0,0
BRDA:442,137,1,0
BRDA:442,138,0,0
BRDA:442,138,1,0
BRDA:442,139,0,0
BRDA:442,139,1,0
BRDA:455,140,0,0
BRDA:455,140,1,0
BRDA:465,141,0,0
BRDA:465,141,1,0
BRDA:465,142,0,0
BRDA:465,142,1,0
BRDA:472,143,0,0
BRDA:472,143,1,0
BRDA:472,144,0,0
BRDA:472,144,1,0
BRDA:472,145,0,0
BRDA:472,145,1,0
BRDA:472,146,0,0
BRDA:472,146,1,0
BRDA:472,147,0,0
BRDA:472,147,1,0
BRDA:472,148,0,0
BRDA:472,148,1,0
BRDA:478,149,0,0
BRDA:478,149,1,0
BRDA:490,150,0,0
BRDA:490,150,1,0
BRDA:490,150,2,0
BRDA:491,151,0,0
BRDA:491,151,1,0
BRDA:491,152,0,0
BRDA:491,152,1,0
BRDA:491,153,0,0
BRDA:491,153,1,0
BRDA:491,154,0,0
BRDA:491,154,1,0
BRDA:499,155,0,0
BRDA:499,155,1,0
BRDA:505,156,0,0
BRDA:505,156,1,0
BRDA:521,157,0,0
BRDA:525,158,0,0
BRDA:525,158,1,0
BRDA:541,159,0,0
BRDA:541,159,1,0
BRDA:555,160,0,0
BRDA:555,160,1,0
BRDA:564,161,0,0
BRDA:564,161,1,0
BRDA:573,162,0,0
BRDA:573,162,1,0
BRDA:608,163,0,0
BRDA:608,163,1,0
BRDA:609,164,0,0
BRDA:609,164,1,0
BRDA:609,165,0,0
BRDA:609,165,1,0
BRDA:609,166,0,0
BRDA:609,166,1,0
BRDA:609,167,0,0
BRDA:609,167,1,0
BRDA:609,168,0,0
BRDA:609,168,1,0
BRDA:635,169,0,0
BRDA:635,169,1,0
BRDA:641,170,0,0
BRDA:641,170,1,0
BRDA:644,171,0,0
BRDA:644,171,1,0
BRDA:664,172,0,0
BRDA:664,172,1,0
BRDA:666,173,0,0
BRDA:666,173,1,0
BRDA:666,174,0,0
BRDA:666,174,1,0
BRDA:666,175,0,0
BRDA:666,175,1,0
BRDA:666,176,0,0
BRDA:666,176,1,0
BRDA:669,177,0,0
BRDA:669,177,1,0
BRDA:670,178,0,0
BRDA:670,178,1,0
BRDA:676,179,0,0
BRDA:676,179,1,0
BRDA:676,180,0,0
BRDA:676,180,1,0
BRDA:676,181,0,0
BRDA:676,181,1,0
BRDA:676,182,0,0
BRDA:676,182,1,0
BRDA:676,183,0,0
BRDA:676,183,1,0
BRDA:676,184,0,0
BRDA:676,184,1,0
BRDA:680,185,0,0
BRDA:680,185,1,0
BRDA:689,186,0,0
BRDA:689,186,1,0
BRDA:689,187,0,0
BRDA:689,187,1,0
BRDA:690,188,0,0
BRDA:690,188,1,0
BRDA:690,189,0,0
BRDA:690,189,1,0
BRDA:710,190,0,0
BRDA:710,190,1,0
BRDA:723,191,0,0
BRDA:723,191,1,0
BRDA:723,192,0,0
BRDA:723,192,1,0
BRDA:723,193,0,0
BRDA:723,193,1,0
BRDA:723,194,0,0
BRDA:723,194,1,0
BRDA:723,195,0,0
BRDA:723,195,1,0
BRDA:723,196,0,0
BRDA:723,196,1,0
BRDA:727,197,0,0
BRDA:727,197,1,0
BRDA:727,198,0,0
BRDA:727,198,1,0
BRDA:727,199,0,0
BRDA:727,199,1,0
BRDA:727,200,0,0
BRDA:727,200,1,0
BRDA:727,201,0,0
BRDA:727,201,1,0
BRF:413
BRH:0
end_of_record
TN:
SF:C:/HeadStart/OC-Marketplace.RyanLauer/src/UI/seller/src/app/products/components/product-edit/size-tier.constants.ts
FNF:0
FNH:0
DA:1,1
DA:3,1
LF:2
LH:2
BRF:0
BRH:0
end_of_record
TN:
SF:C:/HeadStart/OC-Marketplace.RyanLauer/src/UI/seller/src/app/products/components/product-edit/tab-mapper.ts
FN:1,setProductEditTab
FNF:1
FNH:0
FNDA:0,setProductEditTab
DA:2,0
DA:5,1
DA:15,1
LF:3
LH:2
BRF:0
BRH:0
end_of_record
TN:
SF:C:/HeadStart/OC-Marketplace.RyanLauer/src/UI/seller/src/app/products/components/product-table/product-table.component.ts
FN:17,(anonymous_0)
FN:30,(anonymous_1)
FN:53,(anonymous_3)
FN:66,(anonymous_5)
FNF:4
FNH:0
FNDA:0,(anonymous_0)
FNDA:0,(anonymous_1)
FNDA:0,(anonymous_3)
FNDA:0,(anonymous_5)
DA:14,1
DA:18,0
DA:19,0
DA:20,0
DA:26,0
DA:27,0
DA:31,0
DA:33,0
DA:44,0
DA:45,0
DA:46,0
DA:48,0
DA:54,0
DA:57,0
DA:58,0
DA:59,0
DA:60,0
DA:63,0
DA:66,0
DA:67,0
DA:70,0
LF:21
LH:1
BRDA:44,0,0,0
BRDA:44,0,1,0
BRDA:44,1,0,0
BRDA:44,1,1,0
BRDA:58,2,0,0
BRDA:58,2,1,0
BRF:6
BRH:0
end_of_record
TN:
SF:C:/HeadStart/OC-Marketplace.RyanLauer/src/UI/seller/src/app/promotions/promotion.service.ts
FN:51,(anonymous_0)
FN:54,(anonymous_1)
FN:61,(anonymous_2)
FN:62,(anonymous_3)
FN:99,(anonymous_4)
FNF:5
FNH:0
FNDA:0,(anonymous_0)
FNDA:0,(anonymous_1)
FNDA:0,(anonymous_2)
FNDA:0,(anonymous_3)
FNDA:0,(anonymous_4)
DA:19,1
DA:20,0
DA:52,0
DA:55,0
DA:56,0
DA:58,0
DA:59,0
DA:61,0
DA:62,0
DA:63,0
DA:68,0
DA:69,0
DA:71,0
DA:73,0
DA:74,0
DA:75,0
DA:76,0
DA:78,0
DA:80,0
DA:82,0
DA:83,0
DA:84,0
DA:85,0
DA:87,0
DA:89,0
DA:91,0
DA:92,0
DA:96,0
DA:100,0
DA:101,0
DA:103,0
DA:104,0
DA:105,0
DA:106,0
DA:108,0
DA:109,0
DA:110,0
DA:112,0
DA:113,0
DA:114,0
DA:116,0
DA:117,0
LF:42
LH:1
BRDA:57,0,0,0
BRDA:57,0,1,0
BRDA:57,0,2,0
BRDA:56,1,0,0
BRDA:56,1,1,0
BRDA:56,2,0,0
BRDA:56,2,1,0
BRDA:58,3,0,0
BRDA:58,3,1,0
BRDA:58,4,0,0
BRDA:58,4,1,0
BRDA:61,5,0,0
BRDA:61,5,1,0
BRDA:61,6,0,0
BRDA:61,6,1,0
BRDA:61,7,0,0
BRDA:61,7,1,0
BRDA:61,8,0,0
BRDA:61,8,1,0
BRDA:62,9,0,0
BRDA:62,9,1,0
BRDA:72,10,0,0
BRDA:72,10,1,0
BRDA:71,11,0,0
BRDA:71,11,1,0
BRDA:71,12,0,0
BRDA:71,12,1,0
BRDA:71,13,0,0
BRDA:71,13,1,0
BRDA:71,14,0,0
BRDA:71,14,1,0
BRDA:73,15,0,0
BRDA:73,15,1,0
BRDA:73,16,0,0
BRDA:73,16,1,0
BRDA:73,17,0,0
BRDA:73,17,1,0
BRDA:74,18,0,0
BRDA:74,18,1,0
BRDA:74,19,0,0
BRDA:74,19,1,0
BRDA:74,20,0,0
BRDA:74,20,1,0
BRDA:74,21,0,0
BRDA:74,21,1,0
BRDA:74,22,0,0
BRDA:74,22,1,0
BRDA:74,23,0,0
BRDA:74,23,1,0
BRDA:75,24,0,0
BRDA:75,24,1,0
BRDA:75,25,0,0
BRDA:75,25,1,0
BRDA:75,26,0,0
BRDA:75,26,1,0
BRDA:76,27,0,0
BRDA:76,27,1,0
BRDA:76,28,0,0
BRDA:76,28,1,0
BRDA:76,29,0,0
BRDA:76,29,1,0
BRDA:76,30,0,0
BRDA:76,30,1,0
BRDA:78,31,0,0
BRDA:78,31,1,0
BRDA:78,32,0,0
BRDA:78,32,1,0
BRDA:78,33,0,0
BRDA:78,33,1,0
BRDA:78,34,0,0
BRDA:78,34,1,0
BRDA:82,35,0,0
BRDA:82,35,1,0
BRDA:83,36,0,0
BRDA:83,36,1,0
BRDA:83,37,0,0
BRDA:83,37,1,0
BRDA:83,38,0,0
BRDA:83,38,1,0
BRDA:83,39,0,0
BRDA:83,39,1,0
BRDA:83,40,0,0
BRDA:83,40,1,0
BRDA:83,41,0,0
BRDA:83,41,1,0
BRDA:84,42,0,0
BRDA:84,42,1,0
BRDA:84,43,0,0
BRDA:84,43,1,0
BRDA:84,44,0,0
BRDA:84,44,1,0
BRDA:85,45,0,0
BRDA:85,45,1,0
BRDA:85,46,0,0
BRDA:85,46,1,0
BRDA:85,47,0,0
BRDA:85,47,1,0
BRDA:85,48,0,0
BRDA:85,48,1,0
BRDA:87,49,0,0
BRDA:87,49,1,0
BRDA:87,50,0,0
BRDA:87,50,1,0
BRDA:87,51,0,0
BRDA:87,51,1,0
BRDA:87,52,0,0
BRDA:87,52,1,0
BRDA:91,53,0,0
BRDA:91,53,1,0
BRDA:91,54,0,0
BRDA:91,54,1,0
BRDA:91,55,0,0
BRDA:91,55,1,0
BRDA:92,56,0,0
BRDA:92,56,1,0
BRDA:92,57,0,0
BRDA:92,57,1,0
BRDA:92,58,0,0
BRDA:92,58,1,0
BRDA:92,59,0,0
BRDA:92,59,1,0
BRDA:92,60,0,0
BRDA:92,60,1,0
BRDA:92,61,0,0
BRDA:92,61,1,0
BRDA:92,62,0,0
BRDA:92,62,1,0
BRDA:94,63,0,0
BRDA:94,63,1,0
BRDA:94,64,0,0
BRDA:94,64,1,0
BRDA:102,65,0,0
BRDA:102,65,1,0
BRDA:102,65,2,0
BRDA:101,66,0,0
BRDA:101,66,1,0
BRDA:101,67,0,0
BRDA:101,67,1,0
BRDA:104,68,0,0
BRDA:104,68,1,0
BRDA:104,69,0,0
BRDA:104,69,1,0
BRDA:104,70,0,0
BRDA:104,70,1,0
BRDA:104,71,0,0
BRDA:104,71,1,0
BRDA:104,72,0,0
BRDA:104,72,1,0
BRDA:105,73,0,0
BRDA:105,73,1,0
BRDA:105,74,0,0
BRDA:105,74,1,0
BRDA:105,75,0,0
BRDA:105,75,1,0
BRDA:105,76,0,0
BRDA:105,76,1,0
BRDA:105,77,0,0
BRDA:105,77,1,0
BRDA:105,78,0,0
BRDA:105,78,1,0
BRDA:105,79,0,0
BRDA:105,79,1,0
BRDA:108,80,0,0
BRDA:108,80,1,0
BRDA:108,81,0,0
BRDA:108,81,1,0
BRDA:108,82,0,0
BRDA:108,82,1,0
BRDA:108,83,0,0
BRDA:108,83,1,0
BRDA:108,84,0,0
BRDA:108,84,1,0
BRDA:109,85,0,0
BRDA:109,85,1,0
BRDA:109,86,0,0
BRDA:109,86,1,0
BRDA:109,87,0,0
BRDA:109,87,1,0
BRDA:109,88,0,0
BRDA:109,88,1,0
BRDA:109,89,0,0
BRDA:109,89,1,0
BRDA:112,90,0,0
BRDA:112,90,1,0
BRDA:112,91,0,0
BRDA:112,91,1,0
BRDA:112,92,0,0
BRDA:112,92,1,0
BRDA:113,93,0,0
BRDA:113,93,1,0
BRDA:113,94,0,0
BRDA:113,94,1,0
BRDA:113,95,0,0
BRDA:113,95,1,0
BRDA:113,96,0,0
BRDA:113,96,1,0
BRDA:113,97,0,0
BRDA:113,97,1,0
BRDA:116,98,0,0
BRDA:116,98,1,0
BRDA:116,99,0,0
BRDA:116,99,1,0
BRDA:116,100,0,0
BRDA:116,100,1,0
BRF:204
BRH:0
end_of_record
TN:
SF:C:/HeadStart/OC-Marketplace.RyanLauer/src/UI/seller/src/app/promotions/components/promotion-table/promotion-table.component.ts
FN:13,(anonymous_0)
FNF:1
FNH:0
FNDA:0,(anonymous_0)
DA:12,1
DA:14,0
DA:20,0
LF:3
LH:1
BRF:0
BRH:0
end_of_record
TN:
SF:C:/HeadStart/OC-Marketplace.RyanLauer/src/UI/seller/src/app/reports/orchestration-logs.service.ts
FN:17,(anonymous_0)
FN:21,(anonymous_1)
FNF:2
FNH:0
FNDA:0,(anonymous_0)
FNDA:0,(anonymous_1)
DA:14,1
DA:15,0
DA:18,0
DA:22,0
DA:23,0
DA:24,0
LF:6
LH:1
BRDA:23,0,0,0
BRDA:23,0,1,0
BRF:2
BRH:0
end_of_record
TN:
SF:C:/HeadStart/OC-Marketplace.RyanLauer/src/UI/seller/src/app/reports/components/orchestration-logs-table/orchestration-logs-table.component.ts
FN:15,(anonymous_0)
FNF:1
FNH:0
FNDA:0,(anonymous_0)
DA:12,1
DA:13,0
DA:16,0
DA:22,0
DA:25,0
LF:5
LH:1
BRF:0
BRH:0
end_of_record
TN:
SF:C:/HeadStart/OC-Marketplace.RyanLauer/src/UI/seller/src/app/seller-users/seller-user.service.ts
FN:13,(anonymous_0)
FNF:1
FNH:0
FNDA:0,(anonymous_0)
DA:12,1
DA:14,0
DA:17,0
LF:3
LH:1
BRF:0
BRH:0
end_of_record
TN:
SF:C:/HeadStart/OC-Marketplace.RyanLauer/src/UI/seller/src/app/seller-users/components/seller-user-table/seller-user-table.component.ts
FN:12,(anonymous_0)
FNF:1
FNH:0
FNDA:0,(anonymous_0)
DA:11,1
DA:19,0
LF:2
LH:1
BRF:0
BRH:0
end_of_record
TN:
SF:C:/HeadStart/OC-Marketplace.RyanLauer/src/UI/seller/src/app/shared/shared-routing.module.ts
FNF:0
FNH:0
DA:9,1
LF:1
LH:1
BRF:0
BRH:0
end_of_record
TN:
SF:C:/HeadStart/OC-Marketplace.RyanLauer/src/UI/seller/src/app/shared/shared.module.ts
FN:188,(anonymous_0)
FNF:1
FNH:0
FNDA:0,(anonymous_0)
DA:187,1
DA:189,0
LF:2
LH:1
BRF:0
BRH:0
end_of_record
TN:
SF:C:/HeadStart/OC-Marketplace.RyanLauer/src/UI/seller/src/app/shared/components/action-menu/action-menu.component.ts
FN:9,(anonymous_0)
FN:43,(anonymous_1)
FN:47,(anonymous_2)
FN:51,(anonymous_3)
FN:59,(anonymous_4)
FN:63,(anonymous_5)
FN:76,(anonymous_6)
FNF:7
FNH:0
FNDA:0,(anonymous_0)
FNDA:0,(anonymous_1)
FNDA:0,(anonymous_2)
FNDA:0,(anonymous_3)
FNDA:0,(anonymous_4)
FNDA:0,(anonymous_5)
FNDA:0,(anonymous_6)
DA:9,1
DA:11,1
DA:13,1
DA:15,1
DA:17,1
DA:19,1
DA:21,1
DA:23,1
DA:25,1
DA:27,1
DA:29,1
DA:31,1
DA:33,1
DA:35,1
DA:37,1
DA:39,1
DA:41,0
DA:44,0
DA:48,0
DA:52,0
DA:53,0
DA:55,0
DA:60,0
DA:64,0
DA:65,0
DA:67,0
DA:68,0
DA:70,0
DA:71,0
DA:73,0
DA:77,0
LF:31
LH:16
BRDA:52,0,0,0
BRDA:52,0,1,0
BRDA:64,1,0,0
BRDA:64,1,1,0
BRDA:67,2,0,0
BRDA:67,2,1,0
BRDA:70,3,0,0
BRDA:70,3,1,0
BRDA:73,4,0,0
BRDA:73,4,1,0
BRF:10
BRH:0
end_of_record
TN:
SF:C:/HeadStart/OC-Marketplace.RyanLauer/src/UI/seller/src/app/shared/components/address-form/address-form.component.ts
FN:24,(anonymous_0)
FN:128,(anonymous_1)
FN:130,(anonymous_2)
FN:33,(anonymous_3)
FN:38,(anonymous_4)
FN:61,(anonymous_5)
FN:101,(anonymous_6)
FN:105,(anonymous_7)
FN:117,(anonymous_8)
FNF:9
FNH:0
FNDA:0,(anonymous_0)
FNDA:0,(anonymous_1)
FNDA:0,(anonymous_2)
FNDA:0,(anonymous_3)
FNDA:0,(anonymous_4)
FNDA:0,(anonymous_5)
FNDA:0,(anonymous_6)
FNDA:0,(anonymous_7)
FNDA:0,(anonymous_8)
DA:14,1
DA:15,0
DA:17,1
DA:19,1
DA:20,0
DA:25,0
DA:26,0
DA:27,0
DA:28,0
DA:30,0
DA:34,0
DA:38,1
DA:39,0
DA:40,0
DA:41,0
DA:42,0
DA:45,0
DA:58,0
DA:62,0
DA:98,0
DA:102,0
DA:103,0
DA:105,0
DA:106,0
DA:112,0
DA:113,0
DA:118,0
DA:119,0
DA:121,0
DA:128,0
DA:129,0
DA:130,0
DA:131,0
LF:33
LH:4
BRDA:39,0,0,0
BRDA:39,0,1,0
BRDA:40,1,0,0
BRDA:40,1,1,0
BRDA:46,2,0,0
BRDA:46,2,1,0
BRDA:47,3,0,0
BRDA:47,3,1,0
BRDA:48,4,0,0
BRDA:48,4,1,0
BRDA:49,5,0,0
BRDA:49,5,1,0
BRDA:50,6,0,0
BRDA:50,6,1,0
BRDA:51,7,0,0
BRDA:51,7,1,0
BRDA:52,8,0,0
BRDA:52,8,1,0
BRDA:53,9,0,0
BRDA:53,9,1,0
BRDA:54,10,0,0
BRDA:54,10,1,0
BRDA:55,11,0,0
BRDA:55,11,1,0
BRDA:56,12,0,0
BRDA:56,12,1,0
BRDA:64,13,0,0
BRDA:64,13,1,0
BRDA:67,14,0,0
BRDA:67,14,1,0
BRDA:69,15,0,0
BRDA:69,15,1,0
BRDA:73,16,0,0
BRDA:73,16,1,0
BRDA:76,17,0,0
BRDA:76,17,1,0
BRDA:77,18,0,0
BRDA:77,18,1,0
BRDA:79,19,0,0
BRDA:79,19,1,0
BRDA:82,20,0,0
BRDA:82,20,1,0
BRDA:84,21,0,0
BRDA:84,21,1,0
BRDA:92,22,0,0
BRDA:92,22,1,0
BRDA:94,23,0,0
BRDA:94,23,1,0
BRDA:112,24,0,0
BRDA:112,24,1,0
BRDA:118,25,0,0
BRDA:118,25,1,0
BRF:52
BRH:0
end_of_record
TN:
SF:C:/HeadStart/OC-Marketplace.RyanLauer/src/UI/seller/src/app/shared/components/address-suggestion/address-suggestion.component.ts
FN:16,(anonymous_0)
FN:18,(anonymous_1)
FNF:2
FNH:0
FNDA:0,(anonymous_0)
FNDA:0,(anonymous_1)
DA:10,1
DA:12,1
DA:14,1
DA:19,0
DA:20,0
LF:5
LH:3
BRF:0
BRH:0
end_of_record
TN:
SF:C:/HeadStart/OC-Marketplace.RyanLauer/src/UI/seller/src/app/shared/components/buyer-visibility/buyer-visibility-configuration/buyer-visibility-configuration.component.ts
FN:64,(anonymous_0)
FN:26,(anonymous_1)
FN:32,(anonymous_2)
FN:73,(anonymous_3)
FN:86,(anonymous_5)
FN:91,(anonymous_6)
FN:96,(anonymous_7)
FN:97,(anonymous_8)
FN:100,(anonymous_9)
FN:103,(anonymous_11)
FN:103,(anonymous_12)
FN:112,(anonymous_13)
FN:118,(anonymous_15)
FN:120,(anonymous_17)
FN:120,(anonymous_18)
FN:121,(anonymous_19)
FN:121,(anonymous_20)
FN:130,(anonymous_21)
FN:132,(anonymous_23)
FN:145,(anonymous_24)
FN:153,(anonymous_25)
FN:157,(anonymous_26)
FN:163,(anonymous_27)
FN:170,(anonymous_29)
FN:182,(anonymous_31)
FN:183,(anonymous_33)
FN:187,(anonymous_34)
FN:191,(anonymous_35)
FN:197,(anonymous_37)
FN:202,(anonymous_38)
FN:203,(anonymous_40)
FN:208,(anonymous_41)
FN:213,(anonymous_43)
FN:224,(anonymous_45)
FN:232,(anonymous_47)
FN:253,(anonymous_49)
FN:266,(anonymous_51)
FN:268,(anonymous_52)
FN:271,(anonymous_53)
FN:276,(anonymous_54)
FN:279,(anonymous_55)
FN:281,(anonymous_56)
FN:284,(anonymous_57)
FN:292,(anonymous_58)
FN:294,(anonymous_59)
FN:297,(anonymous_60)
FN:306,(anonymous_61)
FN:311,(anonymous_62)
FNF:48
FNH:0
FNDA:0,(anonymous_0)
FNDA:0,(anonymous_1)
FNDA:0,(anonymous_2)
FNDA:0,(anonymous_3)
FNDA:0,(anonymous_5)
FNDA:0,(anonymous_6)
FNDA:0,(anonymous_7)
FNDA:0,(anonymous_8)
FNDA:0,(anonymous_9)
FNDA:0,(anonymous_11)
FNDA:0,(anonymous_12)
FNDA:0,(anonymous_13)
FNDA:0,(anonymous_15)
FNDA:0,(anonymous_17)
FNDA:0,(anonymous_18)
FNDA:0,(anonymous_19)
FNDA:0,(anonymous_20)
FNDA:0,(anonymous_21)
FNDA:0,(anonymous_23)
FNDA:0,(anonymous_24)
FNDA:0,(anonymous_25)
FNDA:0,(anonymous_26)
FNDA:0,(anonymous_27)
FNDA:0,(anonymous_29)
FNDA:0,(anonymous_31)
FNDA:0,(anonymous_33)
FNDA:0,(anonymous_34)
FNDA:0,(anonymous_35)
FNDA:0,(anonymous_37)
FNDA:0,(anonymous_38)
FNDA:0,(anonymous_40)
FNDA:0,(anonymous_41)
FNDA:0,(anonymous_43)
FNDA:0,(anonymous_45)
FNDA:0,(anonymous_47)
FNDA:0,(anonymous_49)
FNDA:0,(anonymous_51)
FNDA:0,(anonymous_52)
FNDA:0,(anonymous_53)
FNDA:0,(anonymous_54)
FNDA:0,(anonymous_55)
FNDA:0,(anonymous_56)
FNDA:0,(anonymous_57)
FNDA:0,(anonymous_58)
FNDA:0,(anonymous_59)
FNDA:0,(anonymous_60)
FNDA:0,(anonymous_61)
FNDA:0,(anonymous_62)
DA:22,1
DA:23,0
DA:24,0
DA:26,1
DA:27,0
DA:28,0
DA:32,1
DA:33,0
DA:34,0
DA:37,0
DA:38,0
DA:40,0
DA:41,0
DA:43,0
DA:44,0
DA:46,0
DA:47,0
DA:50,0
DA:51,0
DA:53,0
DA:54,0
DA:55,0
DA:56,0
DA:58,0
DA:62,0
DA:65,0
DA:66,0
DA:67,0
DA:68,0
DA:69,0
DA:70,0
DA:74,0
DA:75,0
DA:76,0
DA:77,0
DA:78,0
DA:79,0
DA:80,0
DA:81,0
DA:82,0
DA:87,0
DA:88,0
DA:92,0
DA:93,0
DA:97,0
DA:101,0
DA:102,0
DA:103,0
DA:104,0
DA:107,0
DA:109,0
DA:113,0
DA:114,0
DA:119,0
DA:120,0
DA:121,0
DA:122,0
DA:131,0
DA:132,0
DA:134,0
DA:139,0
DA:141,0
DA:142,0
DA:146,0
DA:154,0
DA:158,0
DA:159,0
DA:160,0
DA:164,0
DA:167,0
DA:171,0
DA:179,0
DA:183,0
DA:184,0
DA:186,0
DA:187,0
DA:188,0
DA:192,0
DA:197,0
DA:198,0
DA:199,0
DA:203,0
DA:204,0
DA:205,0
DA:209,0
DA:210,0
DA:216,0
DA:217,0
DA:219,0
DA:220,0
DA:225,0
DA:226,0
DA:233,0
DA:234,0
DA:235,0
DA:241,0
DA:246,0
DA:247,0
DA:248,0
DA:249,0
DA:250,0
DA:258,0
DA:259,0
DA:260,0
DA:262,0
DA:267,0
DA:268,0
DA:270,0
DA:271,0
DA:273,0
DA:277,0
DA:280,0
DA:281,0
DA:285,0
DA:290,0
DA:293,0
DA:294,0
DA:298,0
DA:303,0
DA:307,0
DA:308,0
DA:312,0
LF:122
LH:3
BRDA:74,0,0,0
BRDA:74,0,1,0
BRDA:74,1,0,0
BRDA:74,1,1,0
BRDA:74,1,2,0
BRDA:80,2,0,0
BRDA:80,2,1,0
BRDA:80,3,0,0
BRDA:80,3,1,0
BRDA:81,4,0,0
BRDA:81,4,1,0
BRDA:81,5,0,0
BRDA:81,5,1,0
BRDA:81,6,0,0
BRDA:81,6,1,0
BRDA:81,7,0,0
BRDA:81,7,1,0
BRDA:105,8,0,0
BRDA:105,8,1,0
BRDA:119,9,0,0
BRDA:119,9,1,0
BRDA:119,10,0,0
BRDA:119,10,1,0
BRDA:119,11,0,0
BRDA:119,11,1,0
BRDA:131,12,0,0
BRDA:131,12,1,0
BRDA:147,13,0,0
BRDA:147,13,1,0
BRDA:147,13,2,0
BRDA:147,13,3,0
BRDA:213,14,0,0
BRDA:216,15,0,0
BRDA:216,15,1,0
BRDA:225,16,0,0
BRDA:225,16,1,0
BRF:36
BRH:0
end_of_record
TN:
SF:C:/HeadStart/OC-Marketplace.RyanLauer/src/UI/seller/src/app/shared/components/buyer-visibility/chili-publish-configuration/chili-publish-configuration.componant.ts
FN:74,(anonymous_0)
FN:50,(anonymous_1)
FN:55,(anonymous_2)
FN:60,(anonymous_3)
FN:65,(anonymous_4)
FN:70,(anonymous_5)
FN:71,(anonymous_6)
FN:71,(anonymous_7)
FN:79,(anonymous_8)
FN:84,(anonymous_9)
FN:85,(anonymous_10)
FN:88,(anonymous_11)
FN:96,(anonymous_13)
FN:102,(anonymous_15)
FN:114,(anonymous_16)
FN:117,(anonymous_18)
FN:125,(anonymous_19)
FN:131,(anonymous_21)
FN:132,(anonymous_23)
FN:163,(anonymous_24)
FN:170,(anonymous_25)
FN:187,(anonymous_26)
FN:190,(anonymous_28)
FN:203,(anonymous_29)
FN:206,(anonymous_31)
FN:209,(anonymous_33)
FN:214,(anonymous_35)
FN:219,(anonymous_37)
FN:223,(anonymous_39)
FN:229,(anonymous_40)
FN:234,(anonymous_42)
FNF:31
FNH:0
FNDA:0,(anonymous_0)
FNDA:0,(anonymous_1)
FNDA:0,(anonymous_2)
FNDA:0,(anonymous_3)
FNDA:0,(anonymous_4)
FNDA:0,(anonymous_5)
FNDA:0,(anonymous_6)
FNDA:0,(anonymous_7)
FNDA:0,(anonymous_8)
FNDA:0,(anonymous_9)
FNDA:0,(anonymous_10)
FNDA:0,(anonymous_11)
FNDA:0,(anonymous_13)
FNDA:0,(anonymous_15)
FNDA:0,(anonymous_16)
FNDA:0,(anonymous_18)
FNDA:0,(anonymous_19)
FNDA:0,(anonymous_21)
FNDA:0,(anonymous_23)
FNDA:0,(anonymous_24)
FNDA:0,(anonymous_25)
FNDA:0,(anonymous_26)
FNDA:0,(anonymous_28)
FNDA:0,(anonymous_29)
FNDA:0,(anonymous_31)
FNDA:0,(anonymous_33)
FNDA:0,(anonymous_35)
FNDA:0,(anonymous_37)
FNDA:0,(anonymous_39)
FNDA:0,(anonymous_40)
FNDA:0,(anonymous_42)
DA:20,1
DA:22,1
DA:23,0
DA:25,0
DA:26,0
DA:27,0
DA:28,0
DA:29,0
DA:31,0
DA:32,0
DA:33,0
DA:34,0
DA:35,0
DA:36,0
DA:38,0
DA:39,0
DA:40,0
DA:41,0
DA:42,0
DA:43,0
DA:45,0
DA:46,0
DA:50,1
DA:51,0
DA:55,1
DA:56,0
DA:60,1
DA:61,0
DA:65,1
DA:66,0
DA:70,1
DA:71,0
DA:75,0
DA:76,0
DA:80,0
DA:81,0
DA:85,0
DA:89,0
DA:90,0
DA:91,0
DA:92,0
DA:98,0
DA:99,0
DA:100,0
DA:101,0
DA:102,0
DA:103,0
DA:104,0
DA:105,0
DA:108,0
DA:109,0
DA:115,0
DA:116,0
DA:117,0
DA:120,0
DA:121,0
DA:122,0
DA:126,0
DA:127,0
DA:128,0
DA:132,0
DA:133,0
DA:139,0
DA:141,0
DA:144,0
DA:147,0
DA:157,0
DA:158,0
DA:162,0
DA:163,0
DA:164,0
DA:165,0
DA:168,0
DA:170,0
DA:174,0
DA:184,0
DA:185,0
DA:188,0
DA:190,0
DA:191,0
DA:193,0
DA:196,0
DA:199,0
DA:204,0
DA:207,0
DA:210,0
DA:211,0
DA:212,0
DA:215,0
DA:216,0
DA:217,0
DA:220,0
DA:221,0
DA:222,0
DA:223,0
DA:224,0
DA:225,0
DA:230,0
DA:231,0
DA:235,0
DA:238,0
DA:239,0
LF:102
LH:7
BRDA:89,0,0,0
BRDA:89,0,1,0
BRDA:101,1,0,0
BRDA:101,1,1,0
BRDA:103,2,0,0
BRDA:103,2,1,0
BRDA:103,3,0,0
BRDA:103,3,1,0
BRDA:108,4,0,0
BRDA:108,4,1,0
BRDA:139,5,0,0
BRDA:139,5,1,0
BRDA:151,6,0,0
BRDA:151,6,1,0
BRDA:157,7,0,0
BRDA:157,7,1,0
BRDA:157,8,0,0
BRDA:157,8,1,0
BRDA:164,9,0,0
BRDA:164,9,1,0
BRDA:164,10,0,0
BRDA:164,10,1,0
BRDA:188,11,0,0
BRDA:188,11,1,0
BRDA:224,12,0,0
BRDA:224,12,1,0
BRF:26
BRH:0
end_of_record
TN:
SF:C:/HeadStart/OC-Marketplace.RyanLauer/src/UI/seller/src/app/shared/components/buyer-visibility/product-category-assignment/product-category-assignment.component.ts
FN:51,(anonymous_0)
FN:20,(anonymous_1)
FN:24,(anonymous_2)
FN:53,(anonymous_3)
FN:60,(anonymous_5)
FN:65,(anonymous_6)
FN:75,(anonymous_8)
FN:86,(anonymous_10)
FN:95,(anonymous_12)
FN:100,(anonymous_13)
FN:101,(anonymous_14)
FN:103,(anonymous_15)
FN:106,(anonymous_16)
FN:112,(anonymous_17)
FN:113,(anonymous_18)
FN:115,(anonymous_19)
FNF:16
FNH:0
FNDA:0,(anonymous_0)
FNDA:0,(anonymous_1)
FNDA:0,(anonymous_2)
FNDA:0,(anonymous_3)
FNDA:0,(anonymous_5)
FNDA:0,(anonymous_6)
FNDA:0,(anonymous_8)
FNDA:0,(anonymous_10)
FNDA:0,(anonymous_12)
FNDA:0,(anonymous_13)
FNDA:0,(anonymous_14)
FNDA:0,(anonymous_15)
FNDA:0,(anonymous_16)
FNDA:0,(anonymous_17)
FNDA:0,(anonymous_18)
FNDA:0,(anonymous_19)
DA:10,1
DA:12,1
DA:14,0
DA:15,0
DA:17,0
DA:20,1
DA:21,0
DA:24,1
DA:25,0
DA:26,0
DA:30,1
DA:34,0
DA:35,0
DA:36,0
DA:38,0
DA:39,0
DA:40,0
DA:42,0
DA:43,0
DA:45,0
DA:46,0
DA:48,0
DA:49,0
DA:51,0
DA:54,0
DA:57,0
DA:61,0
DA:62,0
DA:66,0
DA:76,0
DA:77,0
DA:78,0
DA:79,0
DA:80,0
DA:81,0
DA:82,0
DA:83,0
DA:87,0
DA:88,0
DA:89,0
DA:90,0
DA:91,0
DA:92,0
DA:96,0
DA:97,0
DA:101,0
DA:102,0
DA:103,0
DA:105,0
DA:106,0
DA:108,0
DA:109,0
DA:113,0
DA:116,0
DA:117,0
DA:118,0
DA:119,0
LF:57
LH:5
BRDA:102,0,0,0
BRDA:102,0,1,0
BRDA:105,1,0,0
BRDA:105,1,1,0
BRF:4
BRH:0
end_of_record
TN:
SF:C:/HeadStart/OC-Marketplace.RyanLauer/src/UI/seller/src/app/shared/components/buyer-visibility/product-visibility-assignments/product-visibility-assignments.component.ts
FN:30,(anonymous_0)
FN:35,(anonymous_1)
FN:40,(anonymous_2)
FN:44,(anonymous_3)
FN:48,(anonymous_4)
FN:55,(anonymous_6)
FN:63,(anonymous_8)
FN:67,(anonymous_9)
FN:72,(anonymous_10)
FN:74,(anonymous_11)
FN:78,(anonymous_12)
FN:84,(anonymous_13)
FNF:12
FNH:0
FNDA:0,(anonymous_0)
FNDA:0,(anonymous_1)
FNDA:0,(anonymous_2)
FNDA:0,(anonymous_3)
FNDA:0,(anonymous_4)
FNDA:0,(anonymous_6)
FNDA:0,(anonymous_8)
FNDA:0,(anonymous_9)
FNDA:0,(anonymous_10)
FNDA:0,(anonymous_11)
FNDA:0,(anonymous_12)
FNDA:0,(anonymous_13)
DA:17,1
DA:19,1
DA:26,0
DA:27,0
DA:28,0
DA:31,0
DA:32,0
DA:36,0
DA:37,0
DA:41,0
DA:45,0
DA:49,0
DA:50,0
DA:56,0
DA:59,0
DA:60,0
DA:64,0
DA:67,0
DA:73,0
DA:74,0
DA:77,0
DA:78,0
DA:80,0
DA:81,0
DA:85,0
DA:86,0
LF:26
LH:2
BRDA:57,0,0,0
BRDA:57,0,1,0
BRDA:65,1,0,0
BRDA:65,1,1,0
BRDA:74,2,0,0
BRDA:74,2,1,0
BRDA:80,3,0,0
BRDA:80,3,1,0
BRDA:81,4,0,0
BRDA:81,4,1,0
BRF:10
BRH:0
end_of_record
TN:
SF:C:/HeadStart/OC-Marketplace.RyanLauer/src/UI/seller/src/app/shared/components/buyer-visibility/variable-print-configuration/variable-print-configuration.component.ts
FN:53,(anonymous_0)
FN:29,(anonymous_1)
FN:34,(anonymous_2)
FN:39,(anonymous_3)
FN:44,(anonymous_4)
FN:49,(anonymous_5)
FN:57,(anonymous_6)
FNF:7
FNH:0
FNDA:0,(anonymous_0)
FNDA:0,(anonymous_1)
FNDA:0,(anonymous_2)
FNDA:0,(anonymous_3)
FNDA:0,(anonymous_4)
FNDA:0,(anonymous_5)
FNDA:0,(anonymous_6)
DA:16,1
DA:18,1
DA:19,0
DA:21,0
DA:22,0
DA:23,0
DA:24,0
DA:25,0
DA:29,1
DA:30,0
DA:34,1
DA:35,0
DA:39,1
DA:40,0
DA:44,1
DA:45,0
DA:49,1
DA:50,0
LF:18
LH:7
BRF:0
BRH:0
end_of_record
TN:
SF:C:/HeadStart/OC-Marketplace.RyanLauer/src/UI/seller/src/app/shared/components/carousel-slide-display/carousel-slide-display.component.ts
FN:33,(anonymous_0)
FN:92,(anonymous_1)
FN:40,(anonymous_2)
FN:54,(anonymous_3)
FN:75,(anonymous_4)
FN:80,(anonymous_5)
FN:84,(anonymous_6)
FNF:7
FNH:0
FNDA:0,(anonymous_0)
FNDA:0,(anonymous_1)
FNDA:0,(anonymous_2)
FNDA:0,(anonymous_3)
FNDA:0,(anonymous_4)
FNDA:0,(anonymous_5)
FNDA:0,(anonymous_6)
DA:21,1
DA:23,1
DA:25,1
DA:27,1
DA:29,0
DA:30,0
DA:31,0
DA:34,0
DA:35,0
DA:36,0
DA:37,0
DA:41,0
DA:55,0
DA:56,0
DA:57,0
DA:66,0
DA:67,0
DA:76,0
DA:77,0
DA:81,0
DA:85,0
DA:92,0
DA:93,0
LF:23
LH:4
BRDA:42,0,0,0
BRDA:42,0,1,0
BRDA:44,1,0,0
BRDA:44,1,1,0
BRDA:48,2,0,0
BRDA:48,2,1,0
BRDA:56,3,0,0
BRDA:56,3,1,0
BRDA:76,4,0,0
BRDA:76,4,1,0
BRDA:86,5,0,0
BRDA:86,5,1,0
BRDA:86,5,2,0
BRF:13
BRH:0
end_of_record
TN:
SF:C:/HeadStart/OC-Marketplace.RyanLauer/src/UI/seller/src/app/shared/components/category-details/category-details.component.ts
FN:22,(anonymous_0)
FN:29,(anonymous_1)
FN:30,(anonymous_2)
FN:33,(anonymous_3)
FN:35,(anonymous_4)
FN:44,(anonymous_5)
FN:45,(anonymous_6)
FNF:7
FNH:0
FNDA:0,(anonymous_0)
FNDA:0,(anonymous_1)
FNDA:0,(anonymous_2)
FNDA:0,(anonymous_3)
FNDA:0,(anonymous_4)
FNDA:0,(anonymous_5)
FNDA:0,(anonymous_6)
DA:14,1
DA:18,1
DA:19,0
DA:20,0
DA:23,0
DA:24,0
DA:25,0
DA:26,0
DA:30,0
DA:34,0
DA:36,0
DA:37,0
DA:38,0
DA:45,0
DA:46,0
DA:47,0
DA:48,0
LF:17
LH:2
BRDA:36,0,0,0
BRDA:36,0,1,0
BRDA:47,1,0,0
BRDA:47,1,1,0
BRF:4
BRH:0
end_of_record
TN:
SF:C:/HeadStart/OC-Marketplace.RyanLauer/src/UI/seller/src/app/shared/components/category-form/category-form.component.ts
FN:20,(anonymous_0)
FN:69,(anonymous_1)
FN:71,(anonymous_2)
FN:26,(anonymous_3)
FN:31,(anonymous_4)
FN:45,(anonymous_5)
FN:60,(anonymous_6)
FNF:7
FNH:0
FNDA:0,(anonymous_0)
FNDA:0,(anonymous_1)
FNDA:0,(anonymous_2)
FNDA:0,(anonymous_3)
FNDA:0,(anonymous_4)
FNDA:0,(anonymous_5)
FNDA:0,(anonymous_6)
DA:12,1
DA:13,0
DA:15,1
DA:17,1
DA:21,0
DA:22,0
DA:23,0
DA:27,0
DA:31,1
DA:32,0
DA:33,0
DA:34,0
DA:35,0
DA:37,0
DA:46,0
DA:61,0
DA:62,0
DA:65,0
DA:69,0
DA:70,0
DA:71,0
DA:72,0
LF:22
LH:4
BRDA:32,0,0,0
BRDA:32,0,1,0
BRDA:33,1,0,0
BRDA:33,1,1,0
BRDA:38,2,0,0
BRDA:38,2,1,0
BRDA:39,3,0,0
BRDA:39,3,1,0
BRDA:40,4,0,0
BRDA:40,4,1,0
BRDA:48,5,0,0
BRDA:48,5,1,0
BRDA:52,6,0,0
BRDA:52,6,1,0
BRDA:55,7,0,0
BRDA:55,7,1,0
BRDA:61,8,0,0
BRDA:61,8,1,0
BRF:18
BRH:0
end_of_record
TN:
SF:C:/HeadStart/OC-Marketplace.RyanLauer/src/UI/seller/src/app/shared/components/confirm-modal/confirm-modal.component.ts
FNF:0
FNH:0
DA:9,1
DA:11,1
DA:13,1
LF:3
LH:3
BRF:0
BRH:0
end_of_record
TN:
SF:C:/HeadStart/OC-Marketplace.RyanLauer/src/UI/seller/src/app/shared/components/delete-confirm-modal/delete-confirm-modal.component.ts
FN:15,(anonymous_0)
FN:17,(anonymous_1)
FN:20,(anonymous_2)
FN:23,(anonymous_3)
FNF:4
FNH:0
FNDA:0,(anonymous_0)
FNDA:0,(anonymous_1)
FNDA:0,(anonymous_2)
FNDA:0,(anonymous_3)
DA:9,1
DA:12,1
DA:14,1
DA:15,0
DA:18,0
DA:21,0
LF:6
LH:3
BRF:0
BRH:0
end_of_record
TN:
SF:C:/HeadStart/OC-Marketplace.RyanLauer/src/UI/seller/src/app/shared/components/full-resource-table/full-resource-table.component.ts
FN:52,(anonymous_0)
FN:42,(anonymous_1)
FN:58,(anonymous_2)
FN:64,(anonymous_3)
FN:65,(anonymous_4)
FN:68,(anonymous_5)
FN:72,(anonymous_6)
FN:73,(anonymous_7)
FN:78,(anonymous_8)
FN:82,(anonymous_9)
FN:84,(anonymous_10)
FN:85,(anonymous_11)
FN:98,(anonymous_12)
FN:112,(anonymous_13)
FN:116,(anonymous_14)
FN:121,(anonymous_15)
FN:125,(anonymous_16)
FN:129,(anonymous_17)
FN:138,(anonymous_18)
FN:148,(anonymous_19)
FN:158,(anonymous_20)
FNF:21
FNH:0
FNDA:0,(anonymous_0)
FNDA:0,(anonymous_1)
FNDA:0,(anonymous_2)
FNDA:0,(anonymous_3)
FNDA:0,(anonymous_4)
FNDA:0,(anonymous_5)
FNDA:0,(anonymous_6)
FNDA:0,(anonymous_7)
FNDA:0,(anonymous_8)
FNDA:0,(anonymous_9)
FNDA:0,(anonymous_10)
FNDA:0,(anonymous_11)
FNDA:0,(anonymous_12)
FNDA:0,(anonymous_13)
FNDA:0,(anonymous_14)
FNDA:0,(anonymous_15)
FNDA:0,(anonymous_16)
FNDA:0,(anonymous_17)
FNDA:0,(anonymous_18)
FNDA:0,(anonymous_19)
FNDA:0,(anonymous_20)
DA:22,1
DA:23,0
DA:24,0
DA:25,0
DA:26,0
DA:27,0
DA:28,0
DA:29,0
DA:30,0
DA:34,0
DA:35,0
DA:38,1
DA:40,1
DA:42,1
DA:43,0
DA:44,0
DA:45,0
DA:48,1
DA:50,1
DA:52,0
DA:53,0
DA:54,0
DA:55,0
DA:56,0
DA:59,0
DA:60,0
DA:61,0
DA:65,0
DA:69,0
DA:73,0
DA:74,0
DA:79,0
DA:83,0
DA:84,0
DA:85,0
DA:86,0
DA:91,0
DA:99,0
DA:104,0
DA:105,0
DA:106,0
DA:107,0
DA:108,0
DA:109,0
DA:113,0
DA:117,0
DA:118,0
DA:122,0
DA:126,0
DA:127,0
DA:128,0
DA:129,0
DA:130,0
DA:132,0
DA:134,0
DA:139,0
DA:140,0
DA:141,0
DA:142,0
DA:144,0
DA:145,0
DA:149,0
DA:150,0
DA:151,0
DA:152,0
DA:154,0
DA:159,0
DA:160,0
DA:161,0
LF:69
LH:6
BRDA:58,0,0,0
BRDA:69,1,0,0
BRDA:69,1,1,0
BRDA:69,2,0,0
BRDA:69,2,1,0
BRDA:69,3,0,0
BRDA:69,3,1,0
BRDA:69,4,0,0
BRDA:69,4,1,0
BRDA:69,5,0,0
BRDA:69,5,1,0
BRDA:94,6,0,0
BRDA:94,6,1,0
BRDA:117,7,0,0
BRDA:117,7,1,0
BRDA:127,8,0,0
BRDA:127,8,1,0
BRDA:130,9,0,0
BRDA:130,9,1,0
BRDA:141,10,0,0
BRDA:141,10,1,0
BRDA:144,11,0,0
BRDA:144,11,1,0
BRDA:149,12,0,0
BRDA:149,12,1,0
BRDA:149,13,0,0
BRDA:149,13,1,0
BRDA:151,14,0,0
BRDA:151,14,1,0
BRDA:151,15,0,0
BRDA:151,15,1,0
BRDA:160,16,0,0
BRDA:160,16,1,0
BRDA:160,17,0,0
BRDA:160,17,1,0
BRF:35
BRH:0
end_of_record
TN:
SF:C:/HeadStart/OC-Marketplace.RyanLauer/src/UI/seller/src/app/shared/components/full-resource-table/sort-direction.enum.ts
FN:1,(anonymous_0)
FNF:1
FNH:1
FNDA:1,(anonymous_0)
DA:1,1
DA:2,1
DA:3,1
DA:4,1
LF:4
LH:4
BRDA:1,0,0,1
BRDA:1,0,1,1
BRF:2
BRH:2
end_of_record
TN:
SF:C:/HeadStart/OC-Marketplace.RyanLauer/src/UI/seller/src/app/shared/components/product-images/product-images.component.ts
FN:22,(anonymous_0)
FN:24,(anonymous_1)
FN:29,(anonymous_2)
FN:51,(anonymous_3)
FNF:4
FNH:0
FNDA:0,(anonymous_0)
FNDA:0,(anonymous_1)
FNDA:0,(anonymous_2)
FNDA:0,(anonymous_3)
DA:15,1
DA:16,1
DA:17,1
DA:18,0
DA:19,0
DA:20,0
DA:22,0
DA:25,0
DA:26,0
DA:30,0
DA:31,0
DA:32,0
DA:41,0
DA:42,0
DA:52,0
DA:53,0
DA:54,0
LF:17
LH:3
BRDA:31,0,0,0
BRDA:31,0,1,0
BRF:2
BRH:0
end_of_record
TN:
SF:C:/HeadStart/OC-Marketplace.RyanLauer/src/UI/seller/src/app/shared/components/products-form/product-form.component.ts
FN:20,(anonymous_0)
FN:70,(anonymous_1)
FN:72,(anonymous_2)
FN:26,(anonymous_3)
FN:31,(anonymous_4)
FN:46,(anonymous_5)
FN:56,(anonymous_6)
FNF:7
FNH:0
FNDA:0,(anonymous_0)
FNDA:0,(anonymous_1)
FNDA:0,(anonymous_2)
FNDA:0,(anonymous_3)
FNDA:0,(anonymous_4)
FNDA:0,(anonymous_5)
FNDA:0,(anonymous_6)
DA:12,1
DA:13,0
DA:15,1
DA:17,1
DA:21,0
DA:22,0
DA:23,0
DA:27,0
DA:31,1
DA:32,0
DA:33,0
DA:34,0
DA:35,0
DA:37,0
DA:47,0
DA:57,0
DA:58,0
DA:61,0
DA:66,0
DA:70,0
DA:71,0
DA:72,0
DA:73,0
LF:23
LH:4
BRDA:32,0,0,0
BRDA:32,0,1,0
BRDA:33,1,0,0
BRDA:33,1,1,0
BRDA:38,2,0,0
BRDA:38,2,1,0
BRDA:39,3,0,0
BRDA:39,3,1,0
BRDA:40,4,0,0
BRDA:40,4,1,0
BRDA:42,5,0,0
BRDA:42,5,1,0
BRDA:48,6,0,0
BRDA:48,6,1,0
BRDA:49,7,0,0
BRDA:49,7,1,0
BRDA:50,8,0,0
BRDA:50,8,1,0
BRDA:52,9,0,0
BRDA:52,9,1,0
BRDA:57,10,0,0
BRDA:57,10,1,0
BRF:22
BRH:0
end_of_record
TN:
SF:C:/HeadStart/OC-Marketplace.RyanLauer/src/UI/seller/src/app/shared/components/reactive-quill-editor/reactive-quill-editor.component.ts
FN:12,(anonymous_0)
FN:22,(anonymous_1)
FN:28,(anonymous_2)
FN:35,(anonymous_3)
FN:37,(anonymous_4)
FNF:5
FNH:0
FNDA:0,(anonymous_0)
FNDA:0,(anonymous_1)
FNDA:0,(anonymous_2)
FNDA:0,(anonymous_3)
FNDA:0,(anonymous_4)
DA:12,1
DA:18,1
DA:20,1
DA:22,1
DA:23,0
DA:24,0
DA:28,1
DA:29,0
DA:33,1
DA:36,0
DA:37,0
DA:38,0
LF:12
LH:6
BRDA:36,0,0,0
BRDA:36,0,1,0
BRF:2
BRH:0
end_of_record
TN:
SF:C:/HeadStart/OC-Marketplace.RyanLauer/src/UI/seller/src/app/shared/components/request-status/request-status.component.ts
FN:8,(anonymous_0)
FNF:1
FNH:0
FNDA:0,(anonymous_0)
DA:8,1
DA:10,1
DA:12,1
DA:14,1
LF:4
LH:4
BRF:0
BRH:0
end_of_record
TN:
SF:C:/HeadStart/OC-Marketplace.RyanLauer/src/UI/seller/src/app/shared/components/resource-breadcrumbs/resource-breadcrumbs.component.ts
FN:19,(anonymous_0)
FN:25,(anonymous_1)
FN:29,(anonymous_2)
FN:31,(anonymous_3)
FN:32,(anonymous_4)
FN:33,(anonymous_5)
FN:37,(anonymous_6)
FN:37,(anonymous_7)
FN:42,(anonymous_8)
FN:47,(anonymous_9)
FN:48,(anonymous_10)
FN:55,(anonymous_11)
FN:65,(anonymous_12)
FNF:13
FNH:0
FNDA:0,(anonymous_0)
FNDA:0,(anonymous_1)
FNDA:0,(anonymous_2)
FNDA:0,(anonymous_3)
FNDA:0,(anonymous_4)
FNDA:0,(anonymous_5)
FNDA:0,(anonymous_6)
FNDA:0,(anonymous_7)
FNDA:0,(anonymous_8)
FNDA:0,(anonymous_9)
FNDA:0,(anonymous_10)
FNDA:0,(anonymous_11)
FNDA:0,(anonymous_12)
DA:11,1
DA:12,0
DA:13,0
DA:18,0
DA:20,0
DA:21,0
DA:22,0
DA:26,0
DA:30,0
DA:31,0
DA:32,0
DA:34,0
DA:37,0
DA:38,0
DA:45,0
DA:47,0
DA:49,0
DA:50,0
DA:52,0
DA:55,0
DA:56,0
DA:57,0
DA:62,0
DA:66,0
LF:24
LH:1
BRDA:49,0,0,0
BRDA:49,0,1,0
BRF:2
BRH:0
end_of_record
TN:
SF:C:/HeadStart/OC-Marketplace.RyanLauer/src/UI/seller/src/app/shared/components/resource-crud/resource-crud.component.ts
FN:34,(anonymous_0)
FN:47,(anonymous_1)
FN:56,(anonymous_2)
FN:58,(anonymous_3)
FN:62,(anonymous_4)
FN:69,(anonymous_6)
FN:70,(anonymous_7)
FN:70,(anonymous_8)
FN:76,(anonymous_9)
FN:86,(anonymous_11)
FN:88,(anonymous_12)
FN:88,(anonymous_13)
FN:103,(anonymous_14)
FN:110,(anonymous_15)
FN:117,(anonymous_16)
FN:123,(anonymous_17)
FN:127,(anonymous_18)
FN:134,(anonymous_20)
FN:141,(anonymous_21)
FN:146,(anonymous_22)
FN:153,(anonymous_24)
FN:158,(anonymous_25)
FN:166,(anonymous_26)
FN:174,(anonymous_27)
FN:179,(anonymous_29)
FN:183,(anonymous_30)
FN:201,(anonymous_32)
FN:207,(anonymous_33)
FN:221,(anonymous_35)
FN:225,(anonymous_36)
FNF:30
FNH:11
FNDA:1,(anonymous_0)
FNDA:0,(anonymous_1)
FNDA:0,(anonymous_2)
FNDA:0,(anonymous_3)
FNDA:1,(anonymous_4)
FNDA:1,(anonymous_6)
FNDA:1,(anonymous_7)
FNDA:1,(anonymous_8)
FNDA:1,(anonymous_9)
FNDA:1,(anonymous_11)
FNDA:1,(anonymous_12)
FNDA:1,(anonymous_13)
FNDA:1,(anonymous_14)
FNDA:0,(anonymous_15)
FNDA:0,(anonymous_16)
FNDA:0,(anonymous_17)
FNDA:0,(anonymous_18)
FNDA:0,(anonymous_20)
FNDA:0,(anonymous_21)
FNDA:0,(anonymous_22)
FNDA:0,(anonymous_24)
FNDA:0,(anonymous_25)
FNDA:0,(anonymous_26)
FNDA:0,(anonymous_27)
FNDA:0,(anonymous_29)
FNDA:0,(anonymous_30)
FNDA:0,(anonymous_32)
FNDA:0,(anonymous_33)
FNDA:0,(anonymous_35)
FNDA:1,(anonymous_36)
DA:12,1
DA:13,1
DA:16,1
DA:17,1
DA:18,1
DA:20,1
DA:21,1
DA:23,1
DA:29,1
DA:32,1
DA:35,1
DA:38,1
DA:39,1
DA:42,1
DA:43,1
DA:44,1
DA:55,0
DA:56,0
DA:58,0
DA:63,1
DA:64,1
DA:65,1
DA:66,1
DA:70,1
DA:71,1
DA:72,1
DA:77,1
DA:78,1
DA:79,1
DA:80,0
DA:81,0
DA:82,0
DA:88,1
DA:89,1
DA:90,1
DA:91,1
DA:92,1
DA:93,1
DA:94,1
DA:95,0
DA:96,1
DA:97,0
DA:104,1
DA:105,0
DA:106,0
DA:111,0
DA:112,0
DA:113,0
DA:118,0
DA:119,0
DA:124,0
DA:128,0
DA:129,0
DA:130,0
DA:131,0
DA:135,0
DA:137,0
DA:138,0
DA:142,0
DA:143,0
DA:147,0
DA:150,0
DA:154,0
DA:155,0
DA:159,0
DA:163,0
DA:167,0
DA:168,0
DA:170,0
DA:175,0
DA:176,0
DA:180,0
DA:186,0
DA:187,0
DA:188,0
DA:192,0
DA:193,0
DA:194,0
DA:196,0
DA:197,0
DA:202,0
DA:203,0
DA:204,0
DA:210,0
DA:211,0
DA:212,0
DA:213,0
DA:214,0
DA:216,0
DA:217,0
DA:222,0
DA:226,1
DA:227,1
DA:228,1
DA:231,1
LF:95
LH:39
BRDA:55,0,0,0
BRDA:55,0,1,0
BRDA:79,1,0,0
BRDA:79,1,1,1
BRDA:81,2,0,0
BRDA:81,2,1,0
BRDA:82,3,0,0
BRDA:82,3,1,0
BRDA:91,4,0,1
BRDA:91,4,1,0
BRDA:94,5,0,0
BRDA:94,5,1,1
BRDA:96,6,0,0
BRDA:96,6,1,1
BRDA:104,7,0,0
BRDA:104,7,1,1
BRDA:111,8,0,0
BRDA:111,8,1,0
BRDA:118,9,0,0
BRDA:118,9,1,0
BRDA:128,10,0,0
BRDA:128,10,1,0
BRDA:135,11,0,0
BRDA:135,11,1,0
BRDA:135,11,2,0
BRDA:148,12,0,0
BRDA:148,12,1,0
BRDA:161,13,0,0
BRDA:161,13,1,0
BRDA:167,14,0,0
BRDA:167,14,1,0
BRDA:231,15,0,1
BRDA:231,15,1,1
BRF:33
BRH:7
end_of_record
TN:
SF:C:/HeadStart/OC-Marketplace.RyanLauer/src/UI/seller/src/app/shared/components/resource-edit/resource-edit.component.ts
FN:15,(anonymous_0)
FN:18,(anonymous_1)
FN:23,(anonymous_2)
FN:29,(anonymous_3)
FN:37,(anonymous_4)
FN:39,(anonymous_5)
FN:45,(anonymous_6)
FNF:7
FNH:0
FNDA:0,(anonymous_0)
FNDA:0,(anonymous_1)
FNDA:0,(anonymous_2)
FNDA:0,(anonymous_3)
FNDA:0,(anonymous_4)
FNDA:0,(anonymous_5)
FNDA:0,(anonymous_6)
DA:11,1
DA:15,0
DA:18,1
DA:19,0
DA:20,0
DA:23,1
DA:24,0
DA:27,1
DA:30,0
DA:34,0
DA:38,0
DA:40,0
DA:45,0
LF:13
LH:4
BRDA:32,0,0,0
BRDA:32,0,1,0
BRF:2
BRH:0
end_of_record
TN:
SF:C:/HeadStart/OC-Marketplace.RyanLauer/src/UI/seller/src/app/shared/components/resource-edit/swagger-spec.ts
FNF:0
FNH:0
DA:1,1
LF:1
LH:1
BRF:0
BRH:0
end_of_record
TN:
SF:C:/HeadStart/OC-Marketplace.RyanLauer/src/UI/seller/src/app/shared/components/resource-list-meta/resource-list-meta.component.ts
FN:14,(anonymous_0)
FN:18,(anonymous_1)
FN:22,(anonymous_2)
FNF:3
FNH:0
FNDA:0,(anonymous_0)
FNDA:0,(anonymous_1)
FNDA:0,(anonymous_2)
DA:10,1
DA:14,1
DA:15,0
DA:18,1
DA:19,0
DA:23,0
DA:24,0
DA:26,0
LF:8
LH:3
BRDA:23,0,0,0
BRDA:23,0,1,0
BRF:2
BRH:0
end_of_record
TN:
SF:C:/HeadStart/OC-Marketplace.RyanLauer/src/UI/seller/src/app/shared/components/resource-select-dropdown/resource-select-dropdown.component.ts
FN:32,(anonymous_0)
FN:38,(anonymous_1)
FN:43,(anonymous_2)
FN:48,(anonymous_3)
FN:49,(anonymous_4)
FN:49,(anonymous_5)
FN:55,(anonymous_6)
FN:56,(anonymous_7)
FN:56,(anonymous_8)
FN:56,(anonymous_9)
FN:71,(anonymous_10)
FN:79,(anonymous_11)
FN:84,(anonymous_12)
FN:90,(anonymous_13)
FNF:14
FNH:0
FNDA:0,(anonymous_0)
FNDA:0,(anonymous_1)
FNDA:0,(anonymous_2)
FNDA:0,(anonymous_3)
FNDA:0,(anonymous_4)
FNDA:0,(anonymous_5)
FNDA:0,(anonymous_6)
FNDA:0,(anonymous_7)
FNDA:0,(anonymous_8)
FNDA:0,(anonymous_9)
FNDA:0,(anonymous_10)
FNDA:0,(anonymous_11)
FNDA:0,(anonymous_12)
FNDA:0,(anonymous_13)
DA:16,1
DA:18,1
DA:19,0
DA:20,0
DA:21,0
DA:22,0
DA:23,0
DA:24,0
DA:27,1
DA:29,1
DA:30,0
DA:33,0
DA:34,0
DA:35,0
DA:39,0
DA:40,0
DA:45,0
DA:46,0
DA:49,0
DA:50,0
DA:51,0
DA:56,0
DA:57,0
DA:58,0
DA:59,0
DA:60,0
DA:61,0
DA:62,0
DA:63,0
DA:64,0
DA:72,0
DA:75,0
DA:76,0
DA:80,0
DA:81,0
DA:85,0
DA:86,0
DA:87,0
DA:91,0
LF:39
LH:4
BRDA:58,0,0,0
BRDA:58,0,1,0
BRDA:61,1,0,0
BRDA:61,1,1,0
BRDA:61,2,0,0
BRDA:61,2,1,0
BRDA:63,3,0,0
BRDA:63,3,1,0
BRDA:64,4,0,0
BRDA:64,4,1,0
BRDA:87,5,0,0
BRDA:87,5,1,0
BRF:12
BRH:0
end_of_record
TN:
SF:C:/HeadStart/OC-Marketplace.RyanLauer/src/UI/seller/src/app/shared/components/resource-table/resource-table.component.ts
FN:76,(anonymous_0)
FN:89,(anonymous_1)
FN:109,(anonymous_2)
FN:115,(anonymous_3)
FN:123,(anonymous_4)
FN:151,(anonymous_5)
FN:159,(anonymous_7)
FN:162,(anonymous_9)
FN:163,(anonymous_10)
FN:172,(anonymous_11)
FN:189,(anonymous_12)
FN:194,(anonymous_13)
FN:195,(anonymous_14)
FN:195,(anonymous_15)
FN:204,(anonymous_16)
FN:223,(anonymous_17)
FN:229,(anonymous_18)
FN:231,(anonymous_19)
FN:239,(anonymous_20)
FN:245,(anonymous_21)
FN:256,(anonymous_23)
FN:264,(anonymous_25)
FN:274,(anonymous_27)
FN:275,(anonymous_28)
FN:275,(anonymous_29)
FN:280,(anonymous_30)
FN:282,(anonymous_31)
FN:283,(anonymous_32)
FN:283,(anonymous_33)
FN:299,(anonymous_34)
FN:306,(anonymous_35)
FN:307,(anonymous_36)
FN:307,(anonymous_37)
FN:314,(anonymous_38)
FN:326,(anonymous_39)
FN:329,(anonymous_40)
FN:337,(anonymous_41)
FN:341,(anonymous_43)
FN:345,(anonymous_44)
FN:352,(anonymous_45)
FN:356,(anonymous_46)
FN:360,(anonymous_47)
FN:364,(anonymous_48)
FN:368,(anonymous_49)
FN:372,(anonymous_50)
FN:376,(anonymous_51)
FN:380,(anonymous_52)
FN:384,(anonymous_53)
FN:389,(anonymous_54)
FN:396,(anonymous_55)
FN:400,(anonymous_56)
FN:404,(anonymous_57)
FN:411,(anonymous_58)
FNF:53
FNH:0
FNDA:0,(anonymous_0)
FNDA:0,(anonymous_1)
FNDA:0,(anonymous_2)
FNDA:0,(anonymous_3)
FNDA:0,(anonymous_4)
FNDA:0,(anonymous_5)
FNDA:0,(anonymous_7)
FNDA:0,(anonymous_9)
FNDA:0,(anonymous_10)
FNDA:0,(anonymous_11)
FNDA:0,(anonymous_12)
FNDA:0,(anonymous_13)
FNDA:0,(anonymous_14)
FNDA:0,(anonymous_15)
FNDA:0,(anonymous_16)
FNDA:0,(anonymous_17)
FNDA:0,(anonymous_18)
FNDA:0,(anonymous_19)
FNDA:0,(anonymous_20)
FNDA:0,(anonymous_21)
FNDA:0,(anonymous_23)
FNDA:0,(anonymous_25)
FNDA:0,(anonymous_27)
FNDA:0,(anonymous_28)
FNDA:0,(anonymous_29)
FNDA:0,(anonymous_30)
FNDA:0,(anonymous_31)
FNDA:0,(anonymous_32)
FNDA:0,(anonymous_33)
FNDA:0,(anonymous_34)
FNDA:0,(anonymous_35)
FNDA:0,(anonymous_36)
FNDA:0,(anonymous_37)
FNDA:0,(anonymous_38)
FNDA:0,(anonymous_39)
FNDA:0,(anonymous_40)
FNDA:0,(anonymous_41)
FNDA:0,(anonymous_43)
FNDA:0,(anonymous_44)
FNDA:0,(anonymous_45)
FNDA:0,(anonymous_46)
FNDA:0,(anonymous_47)
FNDA:0,(anonymous_48)
FNDA:0,(anonymous_49)
FNDA:0,(anonymous_50)
FNDA:0,(anonymous_51)
FNDA:0,(anonymous_52)
FNDA:0,(anonymous_53)
FNDA:0,(anonymous_54)
FNDA:0,(anonymous_55)
FNDA:0,(anonymous_56)
FNDA:0,(anonymous_57)
FNDA:0,(anonymous_58)
DA:38,1
DA:40,1
DA:41,0
DA:42,0
DA:43,0
DA:44,0
DA:45,0
DA:46,0
DA:59,0
DA:60,0
DA:61,0
DA:62,0
DA:63,0
DA:64,0
DA:66,0
DA:67,0
DA:68,0
DA:69,0
DA:70,0
DA:74,0
DA:77,0
DA:78,0
DA:79,0
DA:80,0
DA:81,0
DA:82,0
DA:87,1
DA:89,1
DA:90,0
DA:91,0
DA:92,0
DA:95,1
DA:97,1
DA:99,1
DA:101,1
DA:103,1
DA:105,1
DA:107,1
DA:109,1
DA:110,0
DA:111,0
DA:112,0
DA:115,1
DA:116,0
DA:117,0
DA:118,0
DA:121,1
DA:123,1
DA:124,0
DA:125,0
DA:128,1
DA:130,1
DA:132,1
DA:134,1
DA:136,1
DA:138,1
DA:140,1
DA:142,1
DA:144,1
DA:146,1
DA:148,1
DA:149,0
DA:152,0
DA:153,0
DA:154,0
DA:155,0
DA:156,0
DA:160,0
DA:161,0
DA:163,0
DA:164,0
DA:169,0
DA:173,0
DA:174,0
DA:175,0
DA:176,0
DA:178,0
DA:181,0
DA:182,0
DA:184,0
DA:190,0
DA:191,0
DA:195,0
DA:196,0
DA:197,0
DA:198,0
DA:199,0
DA:200,0
DA:205,0
DA:206,0
DA:207,0
DA:208,0
DA:210,0
DA:211,0
DA:212,0
DA:213,0
DA:215,0
DA:216,0
DA:217,0
DA:218,0
DA:220,0
DA:224,0
DA:225,0
DA:226,0
DA:230,0
DA:231,0
DA:232,0
DA:233,0
DA:236,0
DA:240,0
DA:241,0
DA:242,0
DA:246,0
DA:247,0
DA:248,0
DA:249,0
DA:250,0
DA:251,0
DA:252,0
DA:257,0
DA:258,0
DA:259,0
DA:260,0
DA:261,0
DA:265,0
DA:266,0
DA:267,0
DA:268,0
DA:269,0
DA:275,0
DA:276,0
DA:281,0
DA:282,0
DA:283,0
DA:284,0
DA:285,0
DA:286,0
DA:287,0
DA:288,0
DA:289,0
DA:290,0
DA:292,0
DA:293,0
DA:294,0
DA:300,0
DA:301,0
DA:303,0
DA:307,0
DA:308,0
DA:309,0
DA:315,0
DA:316,0
DA:318,0
DA:319,0
DA:320,0
DA:321,0
DA:323,0
DA:327,0
DA:328,0
DA:329,0
DA:330,0
DA:331,0
DA:333,0
DA:338,0
DA:342,0
DA:346,0
DA:347,0
DA:349,0
DA:353,0
DA:357,0
DA:361,0
DA:365,0
DA:369,0
DA:373,0
DA:377,0
DA:381,0
DA:385,0
DA:386,0
DA:390,0
DA:391,0
DA:392,0
DA:393,0
DA:397,0
DA:401,0
DA:405,0
DA:412,0
LF:186
LH:26
BRDA:91,0,0,0
BRDA:91,0,1,0
BRDA:111,1,0,0
BRDA:111,1,1,0
BRDA:111,2,0,0
BRDA:111,2,1,0
BRDA:111,2,2,0
BRDA:117,3,0,0
BRDA:117,3,1,0
BRDA:117,4,0,0
BRDA:117,4,1,0
BRDA:117,4,2,0
BRDA:161,5,0,0
BRDA:161,5,1,0
BRDA:161,6,0,0
BRDA:161,6,1,0
BRDA:161,7,0,0
BRDA:161,7,1,0
BRDA:161,8,0,0
BRDA:161,8,1,0
BRDA:169,9,0,0
BRDA:169,9,1,0
BRDA:174,10,0,0
BRDA:174,10,1,0
BRDA:175,11,0,0
BRDA:175,11,1,0
BRDA:181,12,0,0
BRDA:181,12,1,0
BRDA:197,13,0,0
BRDA:197,13,1,0
BRDA:197,13,2,0
BRDA:198,14,0,0
BRDA:198,14,1,0
BRDA:205,15,0,0
BRDA:205,15,1,0
BRDA:210,16,0,0
BRDA:210,16,1,0
BRDA:215,17,0,0
BRDA:215,17,1,0
BRDA:224,18,0,0
BRDA:224,18,1,0
BRDA:225,19,0,0
BRDA:225,19,1,0
BRDA:232,20,0,0
BRDA:232,20,1,0
BRDA:247,21,0,0
BRDA:247,21,1,0
BRDA:249,22,0,0
BRDA:249,22,1,0
BRDA:250,23,0,0
BRDA:250,23,1,0
BRDA:265,24,0,0
BRDA:265,24,1,0
BRDA:267,25,0,0
BRDA:267,25,1,0
BRDA:282,26,0,0
BRDA:282,26,1,0
BRDA:288,27,0,0
BRDA:288,27,1,0
BRDA:290,28,0,0
BRDA:290,28,1,0
BRDA:292,29,0,0
BRDA:292,29,1,0
BRDA:292,30,0,0
BRDA:292,30,1,0
BRDA:294,31,0,0
BRDA:294,31,1,0
BRDA:300,32,0,0
BRDA:300,32,1,0
BRDA:300,33,0,0
BRDA:300,33,1,0
BRDA:300,34,0,0
BRDA:300,34,1,0
BRDA:318,35,0,0
BRDA:318,35,1,0
BRDA:319,36,0,0
BRDA:319,36,1,0
BRDA:320,37,0,0
BRDA:320,37,1,0
BRDA:320,38,0,0
BRDA:320,38,1,0
BRDA:328,39,0,0
BRDA:328,39,1,0
BRDA:328,40,0,0
BRDA:328,40,1,0
BRDA:338,41,0,0
BRDA:338,41,1,0
BRDA:338,42,0,0
BRDA:338,42,1,0
BRDA:338,43,0,0
BRDA:338,43,1,0
BRDA:338,44,0,0
BRDA:338,44,1,0
BRDA:342,45,0,0
BRDA:342,45,1,0
BRDA:342,45,2,0
BRDA:342,45,3,0
BRDA:346,46,0,0
BRDA:346,46,1,0
BRDA:347,47,0,0
BRDA:347,47,1,0
BRDA:405,48,0,0
BRDA:405,48,1,0
BRDA:405,48,2,0
BRDA:405,48,3,0
BRF:105
BRH:0
end_of_record
TN:
SF:C:/HeadStart/OC-Marketplace.RyanLauer/src/UI/seller/src/app/shared/components/return-form/return-form.component.ts
FN:18,(anonymous_0)
FN:20,(anonymous_1)
FN:22,(anonymous_2)
FN:29,(anonymous_3)
FN:36,(anonymous_4)
FN:41,(anonymous_5)
FNF:6
FNH:0
FNDA:0,(anonymous_0)
FNDA:0,(anonymous_1)
[...]
BRDA:302,55,1,0
BRDA:314,56,0,0
BRDA:314,56,1,0
BRDA:319,57,0,0
BRDA:319,57,1,0
BRDA:323,58,0,0
BRDA:323,58,1,0
BRDA:334,59,0,0
BRDA:334,59,1,0
BRDA:370,60,0,0
BRDA:370,60,1,0
BRDA:370,60,2,0
BRDA:402,61,0,0
BRDA:407,62,0,0
BRDA:407,62,1,0
BRDA:419,63,0,0
BRDA:419,63,1,0
BRDA:425,64,0,0
BRDA:425,64,1,0
BRDA:427,65,0,0
BRDA:427,65,1,0
BRDA:427,66,0,0
BRDA:427,66,1,0
BRDA:427,66,2,0
BRDA:429,67,0,0
BRDA:429,67,1,0
BRDA:429,68,0,0
BRDA:429,68,1,0
BRDA:440,69,0,0
BRDA:440,69,1,0
BRDA:440,70,0,0
BRDA:440,70,1,0
BRDA:456,71,0,0
BRDA:456,71,1,0
BRDA:457,72,0,0
BRDA:457,72,1,0
BRDA:465,73,0,0
BRDA:465,73,1,0
BRDA:466,74,0,0
BRDA:466,74,1,0
BRDA:467,75,0,0
BRDA:467,75,1,0
BRDA:468,76,0,0
BRDA:468,76,1,0
BRDA:476,77,0,0
BRDA:476,77,1,0
BRDA:480,78,0,0
BRDA:480,78,1,0
BRDA:480,79,0,0
BRDA:480,79,1,0
BRF:153
BRH:0
end_of_record
TN:
SF:C:/HeadStart/OC-Marketplace.RyanLauer/src/UI/seller/src/app/shared/services/resource-crud/resource-crud.types.ts
FNF:0
FNH:0
DA:7,1
DA:10,1
DA:13,1
DA:16,1
DA:19,1
DA:22,1
DA:25,1
LF:7
LH:7
BRF:0
BRH:0
end_of_record
TN:
SF:C:/HeadStart/OC-Marketplace.RyanLauer/src/UI/seller/src/app/storefronts/components/storefronts/storefronts.service.ts
FN:35,(anonymous_0)
FN:47,(anonymous_1)
FNF:2
FNH:0
FNDA:0,(anonymous_0)
FNDA:0,(anonymous_1)
DA:10,1
DA:16,1
DA:17,0
DA:36,0
DA:48,0
DA:49,0
LF:6
LH:2
BRF:0
BRH:0
end_of_record
TN:
SF:C:/HeadStart/OC-Marketplace.RyanLauer/src/UI/seller/src/app/storefronts/components/storefronts/storefronts-table/storefront-table.component.ts
FN:14,(anonymous_0)
FNF:1
FNH:0
FNDA:0,(anonymous_0)
DA:12,1
DA:13,0
DA:15,0
DA:21,0
LF:4
LH:1
BRF:0
BRH:0
end_of_record
TN:
SF:C:/HeadStart/OC-Marketplace.RyanLauer/src/UI/seller/src/app/suppliers/supplier-logo.helper.ts
FN:6,getSupplierLogoSmallUrl
FN:10,getSupplierLogoMediumUrl
FNF:2
FNH:0
FNDA:0,getSupplierLogoSmallUrl
FNDA:0,getSupplierLogoMediumUrl
DA:4,1
DA:7,0
DA:11,0
LF:3
LH:1
BRF:0
BRH:0
end_of_record
TN:
SF:C:/HeadStart/OC-Marketplace.RyanLauer/src/UI/seller/src/app/suppliers/components/category-select/supplier-category-select.component.ts
FN:14,(anonymous_0)
FN:15,(anonymous_1)
FN:20,(anonymous_2)
FN:21,(anonymous_3)
FN:24,(anonymous_4)
FN:29,(anonymous_5)
FN:33,(anonymous_6)
FN:38,(anonymous_7)
FN:44,(anonymous_8)
FN:57,(anonymous_9)
FN:70,(anonymous_10)
FN:75,(anonymous_11)
FN:82,(anonymous_12)
FN:84,(anonymous_13)
FN:91,(anonymous_14)
FN:97,(anonymous_15)
FN:105,(anonymous_16)
FN:109,(anonymous_17)
FN:110,(anonymous_18)
FN:116,(anonymous_19)
FN:122,(anonymous_20)
FN:128,(anonymous_21)
FNF:22
FNH:0
FNDA:0,(anonymous_0)
FNDA:0,(anonymous_1)
FNDA:0,(anonymous_2)
FNDA:0,(anonymous_3)
FNDA:0,(anonymous_4)
FNDA:0,(anonymous_5)
FNDA:0,(anonymous_6)
FNDA:0,(anonymous_7)
FNDA:0,(anonymous_8)
FNDA:0,(anonymous_9)
FNDA:0,(anonymous_10)
FNDA:0,(anonymous_11)
FNDA:0,(anonymous_12)
FNDA:0,(anonymous_13)
FNDA:0,(anonymous_14)
FNDA:0,(anonymous_15)
FNDA:0,(anonymous_16)
FNDA:0,(anonymous_17)
FNDA:0,(anonymous_18)
FNDA:0,(anonymous_19)
FNDA:0,(anonymous_20)
FNDA:0,(anonymous_21)
DA:14,1
DA:15,0
DA:16,0
DA:20,1
DA:21,0
DA:24,1
DA:28,0
DA:29,0
DA:31,0
DA:33,0
DA:38,1
DA:43,0
DA:44,0
DA:46,0
DA:49,0
DA:57,1
DA:58,0
DA:66,0
DA:67,0
DA:70,1
DA:71,0
DA:72,0
DA:73,0
DA:74,0
DA:75,0
DA:76,0
DA:77,0
DA:78,0
DA:82,1
DA:83,0
DA:84,0
DA:85,0
DA:89,1
DA:92,0
DA:93,0
DA:94,0
DA:98,0
DA:99,0
DA:101,0
DA:102,0
DA:108,0
DA:109,0
DA:110,0
DA:113,0
DA:117,0
DA:118,0
DA:119,0
DA:123,0
DA:124,0
DA:125,0
DA:129,0
DA:130,0
LF:52
LH:8
BRDA:15,0,0,0
BRDA:15,0,1,0
BRDA:15,1,0,0
BRDA:15,1,1,0
BRDA:16,2,0,0
BRDA:16,2,1,0
BRDA:21,3,0,0
BRDA:21,3,1,0
BRDA:21,4,0,0
BRDA:21,4,1,0
BRDA:83,5,0,0
BRDA:83,5,1,0
BRDA:83,6,0,0
BRDA:83,6,1,0
BRDA:83,7,0,0
BRDA:83,7,1,0
BRDA:98,8,0,0
BRDA:98,8,1,0
BRDA:98,9,0,0
BRDA:98,9,1,0
BRDA:98,10,0,0
BRDA:98,10,1,0
BRDA:98,11,0,0
BRDA:98,11,1,0
BRDA:98,12,0,0
BRDA:98,12,1,0
BRDA:98,13,0,0
BRDA:98,13,1,0
BRDA:98,14,0,0
BRDA:98,14,1,0
BRDA:98,15,0,0
BRDA:98,15,1,0
BRDA:98,16,0,0
BRDA:98,16,1,0
BRDA:98,17,0,0
BRDA:98,17,1,0
BRDA:101,18,0,0
BRDA:101,18,1,0
BRDA:108,19,0,0
BRDA:108,19,1,0
BRDA:108,20,0,0
BRDA:108,20,1,0
BRDA:108,21,0,0
BRDA:108,21,1,0
BRDA:108,22,0,0
BRDA:108,22,1,0
BRDA:108,23,0,0
BRDA:108,23,1,0
BRDA:110,24,0,0
BRDA:110,24,1,0
BRDA:110,25,0,0
BRDA:110,25,1,0
BRDA:110,26,0,0
BRDA:110,26,1,0
BRDA:110,27,0,0
BRDA:110,27,1,0
BRDA:110,28,0,0
BRDA:110,28,1,0
BRDA:129,29,0,0
BRDA:129,29,1,0
BRDA:129,30,0,0
BRDA:129,30,1,0
BRF:62
BRH:0
end_of_record
TN:
SF:C:/HeadStart/OC-Marketplace.RyanLauer/src/UI/seller/src/app/suppliers/components/locations/supplier-address.service.ts
FN:14,(anonymous_0)
FN:33,(anonymous_1)
FN:46,(anonymous_3)
FN:53,(anonymous_5)
FN:59,(anonymous_6)
FN:60,(anonymous_7)
FNF:6
FNH:0
FNDA:0,(anonymous_0)
FNDA:0,(anonymous_1)
FNDA:0,(anonymous_3)
FNDA:0,(anonymous_5)
FNDA:0,(anonymous_6)
FNDA:0,(anonymous_7)
DA:13,1
DA:17,0
DA:18,0
DA:20,0
DA:35,0
DA:36,0
DA:37,0
DA:38,0
DA:40,0
DA:41,0
DA:42,0
DA:43,0
DA:47,0
DA:48,0
DA:53,0
DA:54,0
DA:55,0
DA:56,0
DA:60,0
DA:61,0
DA:62,0
DA:63,0
DA:66,0
LF:23
LH:1
BRDA:62,0,0,0
BRDA:62,0,1,0
BRF:2
BRH:0
end_of_record
TN:
SF:C:/HeadStart/OC-Marketplace.RyanLauer/src/UI/seller/src/app/suppliers/components/locations/supplier-location-table/supplier-location-table.component.ts
FN:18,(anonymous_0)
FN:29,(anonymous_1)
FN:33,(anonymous_2)
FN:38,(anonymous_3)
FN:42,(anonymous_4)
FN:58,(anonymous_6)
FNF:6
FNH:0
FNDA:0,(anonymous_0)
FNDA:0,(anonymous_1)
FNDA:0,(anonymous_2)
FNDA:0,(anonymous_3)
FNDA:0,(anonymous_4)
FNDA:0,(anonymous_6)
DA:13,1
DA:19,0
DA:23,0
DA:26,0
DA:30,0
DA:34,0
DA:35,0
DA:39,0
DA:43,0
DA:44,0
DA:45,0
DA:46,0
DA:47,0
DA:48,0
DA:49,0
DA:51,0
DA:52,0
DA:54,0
DA:59,0
DA:60,0
DA:61,0
DA:62,0
DA:63,0
DA:64,0
DA:66,0
DA:67,0
DA:69,0
LF:27
LH:1
BRDA:51,0,0,0
BRDA:51,0,1,0
BRDA:51,1,0,0
BRDA:51,1,1,0
BRDA:51,2,0,0
BRDA:51,2,1,0
BRDA:51,3,0,0
BRDA:51,3,1,0
BRDA:52,4,0,0
BRDA:52,4,1,0
BRDA:52,5,0,0
BRDA:52,5,1,0
BRDA:52,6,0,0
BRDA:52,6,1,0
BRDA:52,7,0,0
BRDA:52,7,1,0
BRDA:52,8,0,0
BRDA:52,8,1,0
BRDA:52,9,0,0
BRDA:52,9,1,0
BRDA:66,10,0,0
BRDA:66,10,1,0
BRDA:66,11,0,0
BRDA:66,11,1,0
BRDA:66,12,0,0
BRDA:66,12,1,0
BRDA:66,13,0,0
BRDA:66,13,1,0
BRDA:67,14,0,0
BRDA:67,14,1,0
BRDA:67,15,0,0
BRDA:67,15,1,0
BRDA:67,16,0,0
BRDA:67,16,1,0
BRDA:67,17,0,0
BRDA:67,17,1,0
BRDA:67,18,0,0
BRDA:67,18,1,0
BRDA:67,19,0,0
BRDA:67,19,1,0
BRF:40
BRH:0
end_of_record
TN:
SF:C:/HeadStart/OC-Marketplace.RyanLauer/src/UI/seller/src/app/suppliers/components/suppliers/supplier.service.ts
FN:37,(anonymous_0)
FN:48,(anonymous_1)
FN:57,(anonymous_3)
FN:64,(anonymous_5)
FNF:4
FNH:0
FNDA:0,(anonymous_0)
FNDA:0,(anonymous_1)
FNDA:0,(anonymous_3)
FNDA:0,(anonymous_5)
DA:15,1
DA:22,1
DA:25,0
DA:40,0
DA:41,0
DA:42,0
DA:43,0
DA:45,0
DA:49,0
DA:50,0
DA:51,0
DA:52,0
DA:53,0
DA:54,0
DA:59,0
DA:60,0
DA:61,0
DA:65,0
DA:66,0
LF:19
LH:2
BRDA:50,0,0,0
BRDA:50,0,1,0
BRDA:50,1,0,0
BRDA:50,1,1,0
BRDA:50,2,0,0
BRDA:50,2,1,0
BRDA:50,3,0,0
BRDA:50,3,1,0
BRDA:50,4,0,0
BRDA:50,4,1,0
BRF:10
BRH:0
end_of_record
TN:
SF:C:/HeadStart/OC-Marketplace.RyanLauer/src/UI/seller/src/app/suppliers/components/suppliers/supplier-edit/supplier-edit.component.ts
FN:56,(anonymous_0)
FN:37,(anonymous_1)
FN:69,(anonymous_2)
FN:71,(anonymous_4)
FN:76,(anonymous_5)
FN:82,(anonymous_7)
FN:90,(anonymous_9)
FN:92,(anonymous_10)
FN:97,(anonymous_11)
FN:104,(anonymous_12)
FN:111,(anonymous_13)
FN:116,(anonymous_14)
FN:120,(anonymous_15)
FN:138,(anonymous_16)
FN:161,(anonymous_18)
FN:191,(anonymous_20)
FN:204,(anonymous_22)
FN:223,(anonymous_24)
FN:227,(anonymous_25)
FN:239,(anonymous_26)
FN:251,(anonymous_27)
FN:253,(anonymous_28)
FN:257,(anonymous_29)
FN:259,(anonymous_30)
FN:263,(anonymous_31)
FNF:25
FNH:0
FNDA:0,(anonymous_0)
FNDA:0,(anonymous_1)
FNDA:0,(anonymous_2)
FNDA:0,(anonymous_4)
FNDA:0,(anonymous_5)
FNDA:0,(anonymous_7)
FNDA:0,(anonymous_9)
FNDA:0,(anonymous_10)
FNDA:0,(anonymous_11)
FNDA:0,(anonymous_12)
FNDA:0,(anonymous_13)
FNDA:0,(anonymous_14)
FNDA:0,(anonymous_15)
FNDA:0,(anonymous_16)
FNDA:0,(anonymous_18)
FNDA:0,(anonymous_20)
FNDA:0,(anonymous_22)
FNDA:0,(anonymous_24)
FNDA:0,(anonymous_25)
FNDA:0,(anonymous_26)
FNDA:0,(anonymous_27)
FNDA:0,(anonymous_28)
FNDA:0,(anonymous_29)
FNDA:0,(anonymous_30)
FNDA:0,(anonymous_31)
DA:28,1
DA:30,1
DA:32,1
DA:34,1
DA:36,1
DA:37,1
DA:38,0
DA:43,0
DA:45,0
DA:47,0
DA:48,0
DA:49,0
DA:50,0
DA:51,0
DA:52,0
DA:53,0
DA:54,0
DA:57,0
DA:58,0
DA:59,0
DA:60,0
DA:61,0
DA:62,0
DA:63,0
DA:64,0
DA:66,0
DA:70,0
DA:71,0
DA:72,0
DA:77,0
DA:78,0
DA:83,0
DA:84,0
DA:85,0
DA:86,0
DA:87,0
DA:91,0
DA:92,0
DA:94,0
DA:95,0
DA:96,0
DA:97,0
DA:98,0
DA:100,0
DA:105,0
DA:106,0
DA:107,0
DA:108,0
DA:109,0
DA:110,0
DA:111,0
DA:113,0
DA:117,0
DA:118,0
DA:119,0
DA:120,0
DA:121,0
DA:123,0
DA:126,0
DA:127,0
DA:131,0
DA:133,0
DA:139,0
DA:140,0
DA:141,0
DA:142,0
DA:144,0
DA:145,0
DA:146,0
DA:148,0
DA:149,0
DA:150,0
DA:152,0
DA:153,0
DA:155,0
DA:162,0
DA:163,0
DA:164,0
DA:165,0
DA:167,0
DA:168,0
DA:169,0
DA:170,0
DA:172,0
DA:173,0
DA:176,0
DA:177,0
DA:179,0
DA:180,0
DA:181,0
DA:183,0
DA:184,0
DA:186,0
DA:192,0
DA:193,0
DA:200,0
DA:201,0
DA:205,0
DA:206,0
DA:208,0
DA:210,0
DA:212,0
DA:214,0
DA:216,0
DA:217,0
DA:219,0
DA:224,0
DA:228,0
DA:229,0
DA:230,0
DA:231,0
DA:232,0
DA:234,0
DA:235,0
DA:236,0
DA:240,0
DA:241,0
DA:242,0
DA:243,0
DA:244,0
DA:246,0
DA:247,0
DA:248,0
DA:252,0
DA:253,0
DA:254,0
DA:258,0
DA:259,0
DA:260,0
DA:264,0
DA:265,0
DA:267,0
LF:132
LH:6
BRDA:77,0,0,0
BRDA:77,0,1,0
BRDA:77,1,0,0
BRDA:77,1,1,0
BRDA:77,2,0,0
BRDA:77,2,1,0
BRDA:77,3,0,0
BRDA:77,3,1,0
BRDA:77,4,0,0
BRDA:77,4,1,0
BRDA:77,5,0,0
BRDA:77,5,1,0
BRDA:77,6,0,0
BRDA:77,6,1,0
BRDA:77,7,0,0
BRDA:77,7,1,0
BRDA:77,8,0,0
BRDA:77,8,1,0
BRDA:77,9,0,0
BRDA:77,9,1,0
BRDA:77,10,0,0
BRDA:77,10,1,0
BRDA:77,11,0,0
BRDA:77,11,1,0
BRDA:77,12,0,0
BRDA:77,12,1,0
BRDA:84,13,0,0
BRDA:84,13,1,0
BRDA:84,14,0,0
BRDA:84,14,1,0
BRDA:84,15,0,0
BRDA:84,15,1,0
BRDA:84,16,0,0
BRDA:84,16,1,0
BRDA:84,17,0,0
BRDA:84,17,1,0
BRDA:85,18,0,0
BRDA:85,18,1,0
BRDA:86,19,0,0
BRDA:86,19,1,0
BRDA:91,20,0,0
BRDA:91,20,1,0
BRDA:91,21,0,0
BRDA:91,21,1,0
BRDA:94,22,0,0
BRDA:94,22,1,0
BRDA:98,23,0,0
BRDA:98,23,1,0
BRDA:98,24,0,0
BRDA:98,24,1,0
BRDA:98,25,0,0
BRDA:98,25,1,0
BRDA:98,26,0,0
BRDA:98,26,1,0
BRDA:98,27,0,0
BRDA:98,27,1,0
BRDA:106,28,0,0
BRDA:106,28,1,0
BRDA:108,29,0,0
BRDA:108,29,1,0
BRDA:108,30,0,0
BRDA:108,30,1,0
BRDA:110,31,0,0
BRDA:110,31,1,0
BRDA:110,32,0,0
BRDA:110,32,1,0
BRDA:117,33,0,0
BRDA:117,33,1,0
BRDA:121,34,0,0
BRDA:121,34,1,0
BRDA:126,35,0,0
BRDA:126,35,1,0
BRDA:127,36,0,0
BRDA:127,36,1,0
BRDA:128,37,0,0
BRDA:128,37,1,0
BRDA:129,38,0,0
BRDA:129,38,1,0
BRDA:131,39,0,0
BRDA:131,39,1,0
BRDA:139,40,0,0
BRDA:139,40,1,0
BRDA:146,41,0,0
BRDA:146,41,1,0
BRDA:146,42,0,0
BRDA:146,42,1,0
BRDA:162,43,0,0
BRDA:162,43,1,0
BRDA:163,44,0,0
BRDA:163,44,1,0
BRDA:163,45,0,0
BRDA:163,45,1,0
BRDA:163,46,0,0
BRDA:163,46,1,0
BRDA:163,47,0,0
BRDA:163,47,1,0
BRDA:165,48,0,0
BRDA:165,48,1,0
BRDA:165,49,0,0
BRDA:165,49,1,0
BRDA:165,50,0,0
BRDA:165,50,1,0
BRDA:165,51,0,0
BRDA:165,51,1,0
BRDA:168,52,0,0
BRDA:168,52,1,0
BRDA:168,53,0,0
BRDA:168,53,1,0
BRDA:168,54,0,0
BRDA:168,54,1,0
BRDA:168,55,0,0
BRDA:168,55,1,0
BRDA:169,56,0,0
BRDA:169,56,1,0
BRDA:169,57,0,0
BRDA:169,57,1,0
BRDA:170,58,0,0
BRDA:170,58,1,0
BRDA:170,59,0,0
BRDA:170,59,1,0
BRDA:170,60,0,0
BRDA:170,60,1,0
BRDA:170,61,0,0
BRDA:170,61,1,0
BRDA:170,62,0,0
BRDA:170,62,1,0
BRDA:172,63,0,0
BRDA:172,63,1,0
BRDA:172,64,0,0
BRDA:172,64,1,0
BRDA:172,65,0,0
BRDA:172,65,1,0
BRDA:172,66,0,0
BRDA:172,66,1,0
BRDA:172,67,0,0
BRDA:172,67,1,0
BRDA:172,68,0,0
BRDA:172,68,1,0
BRDA:177,69,0,0
BRDA:177,69,1,0
BRDA:177,70,0,0
BRDA:177,70,1,0
BRDA:208,71,0,0
BRDA:208,71,1,0
BRDA:208,72,0,0
BRDA:208,72,1,0
BRDA:210,73,0,0
BRDA:210,73,1,0
BRDA:210,74,0,0
BRDA:210,74,1,0
BRDA:210,75,0,0
BRDA:210,75,1,0
BRDA:210,76,0,0
BRDA:210,76,1,0
BRDA:210,77,0,0
BRDA:210,77,1,0
BRDA:210,78,0,0
BRDA:210,78,1,0
BRDA:224,79,0,0
BRDA:224,79,1,0
BRDA:224,80,0,0
BRDA:224,80,1,0
BRDA:224,81,0,0
BRDA:224,81,1,0
BRDA:224,82,0,0
BRDA:224,82,1,0
BRDA:228,83,0,0
BRDA:228,83,1,0
BRDA:228,84,0,0
BRDA:228,84,1,0
BRDA:228,85,0,0
BRDA:228,85,1,0
BRDA:228,86,0,0
BRDA:228,86,1,0
BRDA:228,87,0,0
BRDA:228,87,1,0
BRDA:229,88,0,0
BRDA:229,88,1,0
BRDA:229,89,0,0
BRDA:229,89,1,0
BRDA:229,90,0,0
BRDA:229,90,1,0
BRDA:229,91,0,0
BRDA:229,91,1,0
BRDA:229,92,0,0
BRDA:229,92,1,0
BRDA:229,93,0,0
BRDA:229,93,1,0
BRDA:230,94,0,0
BRDA:230,94,1,0
BRDA:234,95,0,0
BRDA:234,95,1,0
BRDA:234,96,0,0
BRDA:234,96,1,0
BRDA:234,97,0,0
BRDA:234,97,1,0
BRDA:234,98,0,0
BRDA:234,98,1,0
BRDA:234,99,0,0
BRDA:234,99,1,0
BRDA:240,100,0,0
BRDA:240,100,1,0
BRDA:240,101,0,0
BRDA:240,101,1,0
BRDA:240,102,0,0
BRDA:240,102,1,0
BRDA:240,103,0,0
BRDA:240,103,1,0
BRDA:240,104,0,0
BRDA:240,104,1,0
BRDA:241,105,0,0
BRDA:241,105,1,0
BRDA:241,106,0,0
BRDA:241,106,1,0
BRDA:241,107,0,0
BRDA:241,107,1,0
BRDA:241,108,0,0
BRDA:241,108,1,0
BRDA:241,109,0,0
BRDA:241,109,1,0
BRDA:241,110,0,0
BRDA:241,110,1,0
BRDA:242,111,0,0
BRDA:242,111,1,0
BRDA:246,112,0,0
BRDA:246,112,1,0
BRDA:246,113,0,0
BRDA:246,113,1,0
BRDA:246,114,0,0
BRDA:246,114,1,0
BRDA:246,115,0,0
BRDA:246,115,1,0
BRDA:246,116,0,0
BRDA:246,116,1,0
BRDA:253,117,0,0
BRDA:253,117,1,0
BRDA:253,118,0,0
BRDA:253,118,1,0
BRDA:253,119,0,0
BRDA:253,119,1,0
BRDA:253,120,0,0
BRDA:253,120,1,0
BRDA:259,121,0,0
BRDA:259,121,1,0
BRDA:259,122,0,0
BRDA:259,122,1,0
BRDA:259,123,0,0
BRDA:259,123,1,0
BRDA:259,124,0,0
BRDA:259,124,1,0
BRDA:264,125,0,0
BRDA:264,125,1,0
BRDA:265,126,0,0
BRDA:265,126,1,0
BRDA:265,127,0,0
BRDA:265,127,1,0
BRDA:265,128,0,0
BRDA:265,128,1,0
BRDA:265,129,0,0
BRDA:265,129,1,0
BRDA:265,130,0,0
BRDA:265,130,1,0
BRDA:265,131,0,0
BRDA:265,131,1,0
BRDA:267,132,0,0
BRDA:267,132,1,0
BRDA:267,133,0,0
BRDA:267,133,1,0
BRDA:267,134,0,0
BRDA:267,134,1,0
BRDA:267,135,0,0
BRDA:267,135,1,0
BRDA:267,136,0,0
BRDA:267,136,1,0
BRDA:267,137,0,0
BRDA:267,137,1,0
BRF:276
BRH:0
end_of_record
TN:
SF:C:/HeadStart/OC-Marketplace.RyanLauer/src/UI/seller/src/app/suppliers/components/suppliers/supplier-table/supplier-table.component.ts
FN:31,createSupplierForm
FN:70,(anonymous_1)
FN:87,(anonymous_2)
FN:91,(anonymous_3)
FN:95,(anonymous_5)
FN:97,(anonymous_7)
FN:101,(anonymous_8)
FNF:7
FNH:0
FNDA:0,createSupplierForm
FNDA:0,(anonymous_1)
FNDA:0,(anonymous_2)
FNDA:0,(anonymous_3)
FNDA:0,(anonymous_5)
FNDA:0,(anonymous_7)
FNDA:0,(anonymous_8)
DA:32,0
DA:67,1
DA:71,0
DA:76,0
DA:77,0
DA:78,0
DA:79,0
DA:80,0
DA:82,0
DA:83,0
DA:84,0
DA:88,0
DA:92,0
DA:96,0
DA:97,0
DA:98,0
DA:102,0
DA:103,0
DA:105,0
DA:106,0
DA:108,0
DA:109,0
DA:115,0
DA:116,0
DA:119,0
DA:120,0
DA:125,0
DA:126,0
DA:127,0
DA:129,0
DA:130,0
LF:31
LH:1
BRDA:33,0,0,0
BRDA:33,0,1,0
BRDA:39,1,0,0
BRDA:39,1,1,0
BRDA:39,1,2,0
BRDA:42,2,0,0
BRDA:42,2,1,0
BRDA:42,2,2,0
BRDA:46,3,0,0
BRDA:46,3,1,0
BRDA:46,3,2,0
BRDA:49,4,0,0
BRDA:49,4,1,0
BRDA:49,5,0,0
BRDA:49,5,1,0
BRDA:49,6,0,0
BRDA:49,6,1,0
BRDA:50,7,0,0
BRDA:50,7,1,0
BRDA:52,8,0,0
BRDA:52,8,1,0
BRDA:52,9,0,0
BRDA:52,9,1,0
BRDA:52,10,0,0
BRDA:52,10,1,0
BRDA:52,11,0,0
BRDA:52,11,1,0
BRDA:52,12,0,0
BRDA:52,12,1,0
BRDA:53,13,0,0
BRDA:53,13,1,0
BRDA:53,14,0,0
BRDA:53,14,1,0
BRDA:53,15,0,0
BRDA:53,15,1,0
BRDA:53,16,0,0
BRDA:53,16,1,0
BRDA:53,17,0,0
BRDA:53,17,1,0
BRDA:54,18,0,0
BRDA:54,18,1,0
BRDA:54,19,0,0
BRDA:54,19,1,0
BRDA:54,20,0,0
BRDA:54,20,1,0
BRDA:54,21,0,0
BRDA:54,21,1,0
BRDA:54,22,0,0
BRDA:54,22,1,0
BRDA:56,23,0,0
BRDA:56,23,1,0
BRDA:56,24,0,0
BRDA:56,24,1,0
BRDA:57,25,0,0
BRDA:57,25,1,0
BRDA:57,26,0,0
BRDA:57,26,1,0
BRDA:106,27,0,0
BRDA:106,27,1,0
BRF:59
BRH:0
end_of_record
TN:
SF:C:/HeadStart/OC-Marketplace.RyanLauer/src/UI/seller/src/app/suppliers/components/users/supplier-user.service.ts
FN:31,(anonymous_0)
FN:49,(anonymous_1)
FN:54,(anonymous_3)
FN:55,(anonymous_4)
FN:61,(anonymous_5)
FN:67,(anonymous_6)
FN:73,(anonymous_7)
FN:77,(anonymous_9)
FNF:8
FNH:0
FNDA:0,(anonymous_0)
FNDA:0,(anonymous_1)
FNDA:0,(anonymous_3)
FNDA:0,(anonymous_4)
FNDA:0,(anonymous_5)
FNDA:0,(anonymous_6)
FNDA:0,(anonymous_7)
FNDA:0,(anonymous_9)
DA:22,1
DA:23,0
DA:34,0
DA:35,0
DA:37,0
DA:54,0
DA:55,0
DA:56,0
DA:58,0
DA:62,0
DA:68,0
DA:74,0
DA:78,0
LF:13
LH:1
BRF:0
BRH:0
end_of_record
TN:
SF:C:/HeadStart/OC-Marketplace.RyanLauer/src/UI/seller/src/app/suppliers/components/users/supplier-user-table/supplier-user-table.component.ts
FN:14,(anonymous_0)
FN:26,(anonymous_1)
FN:30,(anonymous_2)
FN:34,(anonymous_4)
FN:44,(anonymous_5)
FN:48,(anonymous_7)
FN:59,(anonymous_8)
FNF:7
FNH:1
FNDA:1,(anonymous_0)
FNDA:0,(anonymous_1)
FNDA:0,(anonymous_2)
FNDA:0,(anonymous_4)
FNDA:0,(anonymous_5)
FNDA:0,(anonymous_7)
FNDA:0,(anonymous_8)
DA:12,1
DA:13,1
DA:15,1
DA:16,1
DA:17,1
DA:23,1
DA:27,0
DA:31,0
DA:32,0
DA:33,0
DA:34,0
DA:35,0
DA:36,0
DA:37,0
DA:39,0
DA:40,0
DA:45,0
DA:46,0
DA:47,0
DA:48,0
DA:49,0
DA:55,0
DA:56,0
DA:60,0
DA:61,0
LF:25
LH:6
BRDA:47,0,0,0
BRDA:47,0,1,0
BRDA:47,1,0,0
BRDA:47,1,1,0
BRDA:47,2,0,0
BRDA:47,2,1,0
BRDA:47,3,0,0
BRDA:47,3,1,0
BRDA:47,4,0,0
BRDA:47,4,1,0
BRDA:47,5,0,0
BRDA:47,5,1,0
BRDA:47,6,0,0
BRDA:47,6,1,0
BRDA:48,7,0,0
BRDA:48,7,1,0
BRDA:48,8,0,0
BRDA:48,8,1,0
BRF:18
BRH:0
end_of_record
TN:
SF:C:/HeadStart/OC-Marketplace.RyanLauer/src/UI/seller/src/app/validators/validators.ts
FN:29,ValidateName
FN:38,ValidatePhone
FN:47,ValidateEmail
FN:57,ValidateDate
FN:65,ValidateCAZip
FN:73,ValidateUSZip
FN:82,ValidateStrongPassword
FN:95,ValidateFieldMatches
FN:96,(anonymous_8)
FN:110,(anonymous_9)
FN:136,DateValidator
FN:154,ValidateRichTextDescription
FN:158,ValidateSupplierCategorySelection
FN:164,RequireCheckboxesToBeChecked
FN:165,validate
FN:168,(anonymous_15)
FNF:16
FNH:0
FNDA:0,ValidateName
FNDA:0,ValidatePhone
FNDA:0,ValidateEmail
FNDA:0,ValidateDate
FNDA:0,ValidateCAZip
FNDA:0,ValidateUSZip
FNDA:0,ValidateStrongPassword
FNDA:0,ValidateFieldMatches
FNDA:0,(anonymous_8)
FNDA:0,(anonymous_9)
FNDA:0,DateValidator
FNDA:0,ValidateRichTextDescription
FNDA:0,ValidateSupplierCategorySelection
FNDA:0,RequireCheckboxesToBeChecked
FNDA:0,validate
FNDA:0,(anonymous_15)
DA:7,1
DA:30,0
DA:31,0
DA:32,0
DA:34,0
DA:39,0
DA:40,0
DA:41,0
DA:43,0
DA:49,0
DA:50,0
DA:51,0
DA:53,0
DA:58,0
DA:59,0
DA:60,0
DA:62,0
DA:66,0
DA:67,0
DA:68,0
DA:70,0
DA:74,0
DA:75,0
DA:76,0
DA:78,0
DA:83,0
DA:84,0
DA:85,0
DA:86,0
DA:87,0
DA:89,0
DA:90,0
DA:92,0
DA:96,0
DA:97,0
DA:98,0
DA:100,0
DA:101,0
DA:103,0
DA:104,0
DA:106,0
DA:110,1
DA:111,0
DA:112,0
DA:113,0
DA:114,0
DA:115,0
DA:116,0
DA:118,0
DA:119,0
DA:120,0
DA:122,0
DA:123,0
DA:124,0
DA:125,0
DA:126,0
DA:128,0
DA:138,0
DA:139,0
DA:142,0
DA:148,0
DA:151,0
DA:155,0
DA:160,0
DA:161,0
DA:165,0
DA:166,0
DA:168,0
DA:169,0
DA:171,0
DA:172,0
DA:175,0
LF:72
LH:2
BRDA:31,0,0,0
BRDA:31,0,1,0
BRDA:31,1,0,0
BRDA:31,1,1,0
BRDA:40,2,0,0
BRDA:40,2,1,0
BRDA:40,3,0,0
BRDA:40,3,1,0
BRDA:50,4,0,0
BRDA:50,4,1,0
BRDA:50,5,0,0
BRDA:50,5,1,0
BRDA:59,6,0,0
BRDA:59,6,1,0
BRDA:59,7,0,0
BRDA:59,7,1,0
BRDA:67,8,0,0
BRDA:67,8,1,0
BRDA:67,9,0,0
BRDA:67,9,1,0
BRDA:75,10,0,0
BRDA:75,10,1,0
BRDA:75,11,0,0
BRDA:75,11,1,0
BRDA:85,12,0,0
BRDA:85,12,1,0
BRDA:86,13,0,0
BRDA:86,13,1,0
BRDA:89,14,0,0
BRDA:89,14,1,0
BRDA:89,15,0,0
BRDA:89,15,1,0
BRDA:89,15,2,0
BRDA:97,16,0,0
BRDA:97,16,1,0
BRDA:100,17,0,0
BRDA:100,17,1,0
BRDA:100,18,0,0
BRDA:100,18,1,0
BRDA:103,19,0,0
BRDA:103,19,1,0
BRDA:113,20,0,0
BRDA:113,20,1,0
BRDA:114,21,0,0
BRDA:114,21,1,0
BRDA:118,22,0,0
BRDA:118,22,1,0
BRDA:123,23,0,0
BRDA:123,23,1,0
BRDA:123,24,0,0
BRDA:123,24,1,0
BRDA:138,25,0,0
BRDA:138,25,1,0
BRDA:138,26,0,0
BRDA:138,26,1,0
BRDA:142,27,0,0
BRDA:142,27,1,0
BRDA:144,28,0,0
BRDA:144,28,1,0
BRDA:155,29,0,0
BRDA:155,29,1,0
BRDA:155,30,0,0
BRDA:155,30,1,0
BRDA:160,31,0,0
BRDA:160,31,1,0
BRDA:160,31,2,0
BRDA:160,32,0,0
BRDA:160,32,1,0
BRDA:160,33,0,0
BRDA:160,33,1,0
BRDA:161,34,0,0
BRDA:161,34,1,0
BRDA:164,35,0,0
BRDA:171,36,0,0
BRDA:171,36,1,0
BRDA:175,37,0,0
BRDA:175,37,1,0
BRF:77
BRH:0
end_of_record
TN:
SF:C:/HeadStart/OC-Marketplace.RyanLauer/src/UI/seller/src/environments/environment.ts
FNF:0
FNH:0
DA:4,1
DA:6,1
DA:8,1
DA:10,1
DA:12,1
DA:17,1
DA:19,1
DA:25,1
DA:26,1
DA:27,1
DA:31,1
DA:135,1
LF:12
LH:12
BRDA:36,0,0,0
BRDA:36,0,1,1
BRDA:66,1,0,0
BRDA:66,1,1,1
BRDA:84,2,0,0
BRDA:84,2,1,1
BRDA:102,3,0,0
BRDA:102,3,1,1
BRDA:120,4,0,0
BRDA:120,4,1,1
BRF:10
BRH:5
end_of_record
